[2024-12-18T08:23:07.279+0000] {local_task_job_runner.py:123} INFO - ::group::Pre task execution logs
[2024-12-18T08:23:07.302+0000] {taskinstance.py:2603} INFO - Dependencies all met for dep_context=non-requeueable deps ti=<TaskInstance: amazon_product_scraper.scrape_amazon_products manual__2024-12-18T08:23:02.959476+00:00 [queued]>
[2024-12-18T08:23:07.319+0000] {taskinstance.py:2603} INFO - Dependencies all met for dep_context=requeueable deps ti=<TaskInstance: amazon_product_scraper.scrape_amazon_products manual__2024-12-18T08:23:02.959476+00:00 [queued]>
[2024-12-18T08:23:07.320+0000] {taskinstance.py:2856} INFO - Starting attempt 1 of 2
[2024-12-18T08:23:07.366+0000] {taskinstance.py:2879} INFO - Executing <Task(PythonOperator): scrape_amazon_products> on 2024-12-18 08:23:02.959476+00:00
[2024-12-18T08:23:07.374+0000] {standard_task_runner.py:72} INFO - Started process 177 to run task
[2024-12-18T08:23:07.381+0000] {standard_task_runner.py:104} INFO - Running: ['airflow', 'tasks', 'run', 'amazon_product_scraper', 'scrape_amazon_products', 'manual__2024-12-18T08:23:02.959476+00:00', '--job-id', '30', '--raw', '--subdir', 'DAGS_FOLDER/AmazonAirflow.py', '--cfg-path', '/tmp/tmprddj3gmo']
[2024-12-18T08:23:07.388+0000] {standard_task_runner.py:105} INFO - Job 30: Subtask scrape_amazon_products
[2024-12-18T08:23:07.523+0000] {task_command.py:467} INFO - Running <TaskInstance: amazon_product_scraper.scrape_amazon_products manual__2024-12-18T08:23:02.959476+00:00 [running]> on host 2dd9a97664f5
[2024-12-18T08:23:07.692+0000] {taskinstance.py:3122} INFO - Exporting env vars: AIRFLOW_CTX_DAG_OWNER='airflow' AIRFLOW_CTX_DAG_ID='amazon_product_scraper' AIRFLOW_CTX_TASK_ID='scrape_amazon_products' AIRFLOW_CTX_EXECUTION_DATE='2024-12-18T08:23:02.959476+00:00' AIRFLOW_CTX_TRY_NUMBER='1' AIRFLOW_CTX_DAG_RUN_ID='manual__2024-12-18T08:23:02.959476+00:00'
[2024-12-18T08:23:07.694+0000] {taskinstance.py:731} INFO - ::endgroup::
[2024-12-18T08:23:07.746+0000] {logging_mixin.py:190} INFO - Crawling page 1 - URL: https://www.amazon.com/s?i=computers-intl-ship&bbn=16225007011&rh=n%3A16225007011%2Cn%3A1292110011&page=1
[2024-12-18T08:25:03.504+0000] {logging_mixin.py:190} INFO - Waiting 5.46 seconds before crawling next page...
[2024-12-18T08:25:08.959+0000] {logging_mixin.py:190} INFO - Crawling page 2 - URL: https://www.amazon.com/s?i=computers-intl-ship&bbn=16225007011&rh=n%3A16225007011%2Cn%3A1292110011&page=2
[2024-12-18T08:27:04.094+0000] {logging_mixin.py:190} INFO - Waiting 5.55 seconds before crawling next page...
[2024-12-18T08:27:09.639+0000] {logging_mixin.py:190} INFO - Crawling page 3 - URL: https://www.amazon.com/s?i=computers-intl-ship&bbn=16225007011&rh=n%3A16225007011%2Cn%3A1292110011&page=3
[2024-12-18T08:29:02.371+0000] {logging_mixin.py:190} INFO - Waiting 6.64 seconds before crawling next page...
[2024-12-18T08:29:09.014+0000] {logging_mixin.py:190} INFO - Crawling page 4 - URL: https://www.amazon.com/s?i=computers-intl-ship&bbn=16225007011&rh=n%3A16225007011%2Cn%3A1292110011&page=4
[2024-12-18T08:30:55.669+0000] {logging_mixin.py:190} INFO - Waiting 5.05 seconds before crawling next page...
[2024-12-18T08:31:00.724+0000] {logging_mixin.py:190} INFO - Crawling page 5 - URL: https://www.amazon.com/s?i=computers-intl-ship&bbn=16225007011&rh=n%3A16225007011%2Cn%3A1292110011&page=5
[2024-12-18T08:32:50.214+0000] {logging_mixin.py:190} INFO - Waiting 5.21 seconds before crawling next page...
[2024-12-18T08:32:55.426+0000] {logging_mixin.py:190} INFO - Crawling page 6 - URL: https://www.amazon.com/s?i=computers-intl-ship&bbn=16225007011&rh=n%3A16225007011%2Cn%3A1292110011&page=6
[2024-12-18T08:34:41.171+0000] {logging_mixin.py:190} INFO - Waiting 6.08 seconds before crawling next page...
[2024-12-18T08:34:47.254+0000] {logging_mixin.py:190} INFO - Crawling page 7 - URL: https://www.amazon.com/s?i=computers-intl-ship&bbn=16225007011&rh=n%3A16225007011%2Cn%3A1292110011&page=7
[2024-12-18T08:36:33.566+0000] {logging_mixin.py:190} INFO - Waiting 6.13 seconds before crawling next page...
[2024-12-18T08:36:39.695+0000] {logging_mixin.py:190} INFO - Crawling page 8 - URL: https://www.amazon.com/s?i=computers-intl-ship&bbn=16225007011&rh=n%3A16225007011%2Cn%3A1292110011&page=8
[2024-12-18T08:38:29.510+0000] {logging_mixin.py:190} INFO - Waiting 5.60 seconds before crawling next page...
[2024-12-18T08:38:35.112+0000] {logging_mixin.py:190} INFO - Crawling page 9 - URL: https://www.amazon.com/s?i=computers-intl-ship&bbn=16225007011&rh=n%3A16225007011%2Cn%3A1292110011&page=9
[2024-12-18T08:40:23.374+0000] {logging_mixin.py:190} INFO - Waiting 5.48 seconds before crawling next page...
[2024-12-18T08:40:28.855+0000] {logging_mixin.py:190} INFO - Crawling page 10 - URL: https://www.amazon.com/s?i=computers-intl-ship&bbn=16225007011&rh=n%3A16225007011%2Cn%3A1292110011&page=10
[2024-12-18T08:42:16.938+0000] {logging_mixin.py:190} INFO - Waiting 6.24 seconds before crawling next page...
[2024-12-18T08:42:23.184+0000] {logging_mixin.py:190} INFO - Crawling page 11 - URL: https://www.amazon.com/s?i=computers-intl-ship&bbn=16225007011&rh=n%3A16225007011%2Cn%3A1292110011&page=11
[2024-12-18T08:44:11.078+0000] {logging_mixin.py:190} INFO - Waiting 6.61 seconds before crawling next page...
[2024-12-18T08:44:17.693+0000] {logging_mixin.py:190} INFO - Crawling page 12 - URL: https://www.amazon.com/s?i=computers-intl-ship&bbn=16225007011&rh=n%3A16225007011%2Cn%3A1292110011&page=12
[2024-12-18T08:46:02.114+0000] {logging_mixin.py:190} INFO - Waiting 6.69 seconds before crawling next page...
[2024-12-18T08:46:08.802+0000] {logging_mixin.py:190} INFO - Crawling page 13 - URL: https://www.amazon.com/s?i=computers-intl-ship&bbn=16225007011&rh=n%3A16225007011%2Cn%3A1292110011&page=13
[2024-12-18T08:47:56.017+0000] {logging_mixin.py:190} INFO - Waiting 6.37 seconds before crawling next page...
[2024-12-18T08:48:02.387+0000] {logging_mixin.py:190} INFO - Crawling page 14 - URL: https://www.amazon.com/s?i=computers-intl-ship&bbn=16225007011&rh=n%3A16225007011%2Cn%3A1292110011&page=14
[2024-12-18T08:49:47.577+0000] {logging_mixin.py:190} INFO - Waiting 5.14 seconds before crawling next page...
[2024-12-18T08:49:52.720+0000] {logging_mixin.py:190} INFO - Crawling page 15 - URL: https://www.amazon.com/s?i=computers-intl-ship&bbn=16225007011&rh=n%3A16225007011%2Cn%3A1292110011&page=15
[2024-12-18T08:51:37.613+0000] {logging_mixin.py:190} INFO - Waiting 5.29 seconds before crawling next page...
[2024-12-18T08:51:42.903+0000] {logging_mixin.py:190} INFO - Crawling page 16 - URL: https://www.amazon.com/s?i=computers-intl-ship&bbn=16225007011&rh=n%3A16225007011%2Cn%3A1292110011&page=16
[2024-12-18T08:53:30.477+0000] {logging_mixin.py:190} INFO - Waiting 6.17 seconds before crawling next page...
[2024-12-18T08:53:36.642+0000] {logging_mixin.py:190} INFO - Crawling page 17 - URL: https://www.amazon.com/s?i=computers-intl-ship&bbn=16225007011&rh=n%3A16225007011%2Cn%3A1292110011&page=17
[2024-12-18T08:55:25.679+0000] {logging_mixin.py:190} INFO - Waiting 5.88 seconds before crawling next page...
[2024-12-18T08:55:31.563+0000] {logging_mixin.py:190} INFO - Crawling page 18 - URL: https://www.amazon.com/s?i=computers-intl-ship&bbn=16225007011&rh=n%3A16225007011%2Cn%3A1292110011&page=18
[2024-12-18T08:57:19.140+0000] {logging_mixin.py:190} INFO - Waiting 5.37 seconds before crawling next page...
[2024-12-18T08:57:24.516+0000] {logging_mixin.py:190} INFO - Crawling page 19 - URL: https://www.amazon.com/s?i=computers-intl-ship&bbn=16225007011&rh=n%3A16225007011%2Cn%3A1292110011&page=19
[2024-12-18T08:59:15.268+0000] {logging_mixin.py:190} INFO - Waiting 5.31 seconds before crawling next page...
[2024-12-18T08:59:20.583+0000] {logging_mixin.py:190} INFO - Crawling page 20 - URL: https://www.amazon.com/s?i=computers-intl-ship&bbn=16225007011&rh=n%3A16225007011%2Cn%3A1292110011&page=20
[2024-12-18T09:01:12.376+0000] {logging_mixin.py:190} INFO - Waiting 6.47 seconds before crawling next page...
[2024-12-18T09:01:18.972+0000] {logging_mixin.py:190} INFO - Scraping completed. Total products: 660
[2024-12-18T09:01:18.973+0000] {logging_mixin.py:190} INFO - CSV data saved to: /opt/airflow/data/amazon_scraper_output/amazon_products_20241218_090118.csv
[2024-12-18T09:01:18.974+0000] {logging_mixin.py:190} INFO - JSON data saved to: /opt/airflow/data/amazon_scraper_output/amazon_products_20241218_090118.json
[2024-12-18T09:01:18.977+0000] {python.py:240} INFO - Done. Returned value was: /opt/airflow/data/amazon_scraper_output/amazon_products_20241218_090118.csv
[2024-12-18T09:01:19.031+0000] {taskinstance.py:340} INFO - ::group::Post task execution logs
[2024-12-18T09:01:19.032+0000] {taskinstance.py:352} INFO - Marking task as SUCCESS. dag_id=amazon_product_scraper, task_id=scrape_amazon_products, run_id=manual__2024-12-18T08:23:02.959476+00:00, execution_date=20241218T082302, start_date=20241218T082307, end_date=20241218T090119
[2024-12-18T09:01:19.085+0000] {local_task_job_runner.py:261} INFO - Task exited with return code 0
[2024-12-18T09:01:19.111+0000] {taskinstance.py:3891} INFO - 0 downstream tasks scheduled from follow-on schedule check
[2024-12-18T09:01:19.113+0000] {local_task_job_runner.py:240} INFO - ::endgroup::
