[2024-12-13T00:34:09.849+0000] {processor.py:186} INFO - Started process (PID=55) to work on /opt/airflow/dags/AmazonAirflow4.py
[2024-12-13T00:34:09.850+0000] {processor.py:914} INFO - Processing file /opt/airflow/dags/AmazonAirflow4.py for tasks to queue
[2024-12-13T00:34:09.851+0000] {logging_mixin.py:190} INFO - [2024-12-13T00:34:09.851+0000] {dagbag.py:587} INFO - Filling up the DagBag from /opt/airflow/dags/AmazonAirflow4.py
[2024-12-13T00:34:10.405+0000] {processor.py:925} INFO - DAG(s) 'amazon_product_scraper4' retrieved from /opt/airflow/dags/AmazonAirflow4.py
[2024-12-13T00:34:10.564+0000] {logging_mixin.py:190} INFO - [2024-12-13T00:34:10.563+0000] {override.py:1858} INFO - Created Permission View: can edit on DAG:amazon_product_scraper4
[2024-12-13T00:34:10.632+0000] {logging_mixin.py:190} INFO - [2024-12-13T00:34:10.631+0000] {override.py:1858} INFO - Created Permission View: can read on DAG:amazon_product_scraper4
[2024-12-13T00:34:10.666+0000] {logging_mixin.py:190} INFO - [2024-12-13T00:34:10.666+0000] {override.py:1858} INFO - Created Permission View: can delete on DAG:amazon_product_scraper4
[2024-12-13T00:34:10.667+0000] {logging_mixin.py:190} INFO - [2024-12-13T00:34:10.667+0000] {dag.py:3211} INFO - Sync 1 DAGs
[2024-12-13T00:34:10.700+0000] {logging_mixin.py:190} INFO - [2024-12-13T00:34:10.700+0000] {dag.py:3234} INFO - Creating ORM DAG for amazon_product_scraper4
[2024-12-13T00:34:10.725+0000] {logging_mixin.py:190} INFO - [2024-12-13T00:34:10.724+0000] {dag.py:4138} INFO - Setting next_dagrun for amazon_product_scraper4 to 2024-12-12 00:00:00+00:00, run_after=2024-12-19 00:00:00+00:00
[2024-12-13T00:34:10.778+0000] {processor.py:208} INFO - Processing /opt/airflow/dags/AmazonAirflow4.py took 0.934 seconds
[2024-12-13T00:34:40.870+0000] {processor.py:186} INFO - Started process (PID=74) to work on /opt/airflow/dags/AmazonAirflow4.py
[2024-12-13T00:34:40.871+0000] {processor.py:914} INFO - Processing file /opt/airflow/dags/AmazonAirflow4.py for tasks to queue
[2024-12-13T00:34:40.873+0000] {logging_mixin.py:190} INFO - [2024-12-13T00:34:40.872+0000] {dagbag.py:587} INFO - Filling up the DagBag from /opt/airflow/dags/AmazonAirflow4.py
[2024-12-13T00:34:41.173+0000] {processor.py:925} INFO - DAG(s) 'amazon_product_scraper4' retrieved from /opt/airflow/dags/AmazonAirflow4.py
[2024-12-13T00:34:41.192+0000] {logging_mixin.py:190} INFO - [2024-12-13T00:34:41.191+0000] {dag.py:3211} INFO - Sync 1 DAGs
[2024-12-13T00:34:41.209+0000] {logging_mixin.py:190} INFO - [2024-12-13T00:34:41.209+0000] {dag.py:4138} INFO - Setting next_dagrun for amazon_product_scraper4 to 2024-12-12 00:00:00+00:00, run_after=2024-12-19 00:00:00+00:00
[2024-12-13T00:34:41.246+0000] {processor.py:208} INFO - Processing /opt/airflow/dags/AmazonAirflow4.py took 0.380 seconds
[2024-12-13T00:35:12.230+0000] {processor.py:186} INFO - Started process (PID=86) to work on /opt/airflow/dags/AmazonAirflow4.py
[2024-12-13T00:35:12.230+0000] {processor.py:914} INFO - Processing file /opt/airflow/dags/AmazonAirflow4.py for tasks to queue
[2024-12-13T00:35:12.232+0000] {logging_mixin.py:190} INFO - [2024-12-13T00:35:12.232+0000] {dagbag.py:587} INFO - Filling up the DagBag from /opt/airflow/dags/AmazonAirflow4.py
[2024-12-13T00:35:12.532+0000] {processor.py:925} INFO - DAG(s) 'amazon_product_scraper4' retrieved from /opt/airflow/dags/AmazonAirflow4.py
[2024-12-13T00:35:12.550+0000] {logging_mixin.py:190} INFO - [2024-12-13T00:35:12.549+0000] {dag.py:3211} INFO - Sync 1 DAGs
[2024-12-13T00:35:12.677+0000] {logging_mixin.py:190} INFO - [2024-12-13T00:35:12.677+0000] {dag.py:4138} INFO - Setting next_dagrun for amazon_product_scraper4 to 2024-12-12 00:00:00+00:00, run_after=2024-12-19 00:00:00+00:00
[2024-12-13T00:35:12.712+0000] {processor.py:208} INFO - Processing /opt/airflow/dags/AmazonAirflow4.py took 0.487 seconds
[2024-12-13T00:35:43.177+0000] {processor.py:186} INFO - Started process (PID=98) to work on /opt/airflow/dags/AmazonAirflow4.py
[2024-12-13T00:35:43.178+0000] {processor.py:914} INFO - Processing file /opt/airflow/dags/AmazonAirflow4.py for tasks to queue
[2024-12-13T00:35:43.180+0000] {logging_mixin.py:190} INFO - [2024-12-13T00:35:43.179+0000] {dagbag.py:587} INFO - Filling up the DagBag from /opt/airflow/dags/AmazonAirflow4.py
[2024-12-13T00:35:43.495+0000] {processor.py:925} INFO - DAG(s) 'amazon_product_scraper4' retrieved from /opt/airflow/dags/AmazonAirflow4.py
[2024-12-13T00:35:43.520+0000] {logging_mixin.py:190} INFO - [2024-12-13T00:35:43.520+0000] {dag.py:3211} INFO - Sync 1 DAGs
[2024-12-13T00:35:43.540+0000] {logging_mixin.py:190} INFO - [2024-12-13T00:35:43.540+0000] {dag.py:4138} INFO - Setting next_dagrun for amazon_product_scraper4 to 2024-12-12 00:00:00+00:00, run_after=2024-12-19 00:00:00+00:00
[2024-12-13T00:35:43.580+0000] {processor.py:208} INFO - Processing /opt/airflow/dags/AmazonAirflow4.py took 0.408 seconds
[2024-12-13T00:36:14.303+0000] {processor.py:186} INFO - Started process (PID=110) to work on /opt/airflow/dags/AmazonAirflow4.py
[2024-12-13T00:36:14.304+0000] {processor.py:914} INFO - Processing file /opt/airflow/dags/AmazonAirflow4.py for tasks to queue
[2024-12-13T00:36:14.306+0000] {logging_mixin.py:190} INFO - [2024-12-13T00:36:14.306+0000] {dagbag.py:587} INFO - Filling up the DagBag from /opt/airflow/dags/AmazonAirflow4.py
[2024-12-13T00:36:14.748+0000] {processor.py:925} INFO - DAG(s) 'amazon_product_scraper4' retrieved from /opt/airflow/dags/AmazonAirflow4.py
[2024-12-13T00:36:14.767+0000] {logging_mixin.py:190} INFO - [2024-12-13T00:36:14.766+0000] {dag.py:3211} INFO - Sync 1 DAGs
[2024-12-13T00:36:14.786+0000] {logging_mixin.py:190} INFO - [2024-12-13T00:36:14.786+0000] {dag.py:4138} INFO - Setting next_dagrun for amazon_product_scraper4 to 2024-12-12 00:00:00+00:00, run_after=2024-12-19 00:00:00+00:00
[2024-12-13T00:36:14.823+0000] {processor.py:208} INFO - Processing /opt/airflow/dags/AmazonAirflow4.py took 0.524 seconds
[2024-12-13T00:36:45.712+0000] {processor.py:186} INFO - Started process (PID=122) to work on /opt/airflow/dags/AmazonAirflow4.py
[2024-12-13T00:36:45.713+0000] {processor.py:914} INFO - Processing file /opt/airflow/dags/AmazonAirflow4.py for tasks to queue
[2024-12-13T00:36:45.715+0000] {logging_mixin.py:190} INFO - [2024-12-13T00:36:45.715+0000] {dagbag.py:587} INFO - Filling up the DagBag from /opt/airflow/dags/AmazonAirflow4.py
[2024-12-13T00:36:46.224+0000] {processor.py:925} INFO - DAG(s) 'amazon_product_scraper4' retrieved from /opt/airflow/dags/AmazonAirflow4.py
[2024-12-13T00:36:46.247+0000] {logging_mixin.py:190} INFO - [2024-12-13T00:36:46.246+0000] {dag.py:3211} INFO - Sync 1 DAGs
[2024-12-13T00:36:46.270+0000] {logging_mixin.py:190} INFO - [2024-12-13T00:36:46.269+0000] {dag.py:4138} INFO - Setting next_dagrun for amazon_product_scraper4 to 2024-12-12 00:00:00+00:00, run_after=2024-12-19 00:00:00+00:00
[2024-12-13T00:36:46.314+0000] {processor.py:208} INFO - Processing /opt/airflow/dags/AmazonAirflow4.py took 0.606 seconds
[2024-12-13T00:37:17.400+0000] {processor.py:186} INFO - Started process (PID=134) to work on /opt/airflow/dags/AmazonAirflow4.py
[2024-12-13T00:37:17.401+0000] {processor.py:914} INFO - Processing file /opt/airflow/dags/AmazonAirflow4.py for tasks to queue
[2024-12-13T00:37:17.403+0000] {logging_mixin.py:190} INFO - [2024-12-13T00:37:17.402+0000] {dagbag.py:587} INFO - Filling up the DagBag from /opt/airflow/dags/AmazonAirflow4.py
[2024-12-13T00:37:17.704+0000] {processor.py:925} INFO - DAG(s) 'amazon_product_scraper4' retrieved from /opt/airflow/dags/AmazonAirflow4.py
[2024-12-13T00:37:17.854+0000] {logging_mixin.py:190} INFO - [2024-12-13T00:37:17.853+0000] {dag.py:3211} INFO - Sync 1 DAGs
[2024-12-13T00:37:17.872+0000] {logging_mixin.py:190} INFO - [2024-12-13T00:37:17.872+0000] {dag.py:4138} INFO - Setting next_dagrun for amazon_product_scraper4 to 2024-12-12 00:00:00+00:00, run_after=2024-12-19 00:00:00+00:00
[2024-12-13T00:37:17.907+0000] {processor.py:208} INFO - Processing /opt/airflow/dags/AmazonAirflow4.py took 0.511 seconds
[2024-12-13T00:37:48.528+0000] {processor.py:186} INFO - Started process (PID=146) to work on /opt/airflow/dags/AmazonAirflow4.py
[2024-12-13T00:37:48.530+0000] {processor.py:914} INFO - Processing file /opt/airflow/dags/AmazonAirflow4.py for tasks to queue
[2024-12-13T00:37:48.532+0000] {logging_mixin.py:190} INFO - [2024-12-13T00:37:48.532+0000] {dagbag.py:587} INFO - Filling up the DagBag from /opt/airflow/dags/AmazonAirflow4.py
[2024-12-13T00:37:49.030+0000] {processor.py:925} INFO - DAG(s) 'amazon_product_scraper4' retrieved from /opt/airflow/dags/AmazonAirflow4.py
[2024-12-13T00:37:49.050+0000] {logging_mixin.py:190} INFO - [2024-12-13T00:37:49.050+0000] {dag.py:3211} INFO - Sync 1 DAGs
[2024-12-13T00:37:49.068+0000] {logging_mixin.py:190} INFO - [2024-12-13T00:37:49.068+0000] {dag.py:4138} INFO - Setting next_dagrun for amazon_product_scraper4 to 2024-12-12 00:00:00+00:00, run_after=2024-12-19 00:00:00+00:00
[2024-12-13T00:37:49.104+0000] {processor.py:208} INFO - Processing /opt/airflow/dags/AmazonAirflow4.py took 0.584 seconds
[2024-12-13T00:38:19.694+0000] {processor.py:186} INFO - Started process (PID=158) to work on /opt/airflow/dags/AmazonAirflow4.py
[2024-12-13T00:38:19.695+0000] {processor.py:914} INFO - Processing file /opt/airflow/dags/AmazonAirflow4.py for tasks to queue
[2024-12-13T00:38:19.696+0000] {logging_mixin.py:190} INFO - [2024-12-13T00:38:19.696+0000] {dagbag.py:587} INFO - Filling up the DagBag from /opt/airflow/dags/AmazonAirflow4.py
[2024-12-13T00:38:20.128+0000] {processor.py:925} INFO - DAG(s) 'amazon_product_scraper4' retrieved from /opt/airflow/dags/AmazonAirflow4.py
[2024-12-13T00:38:20.146+0000] {logging_mixin.py:190} INFO - [2024-12-13T00:38:20.145+0000] {dag.py:3211} INFO - Sync 1 DAGs
[2024-12-13T00:38:20.164+0000] {logging_mixin.py:190} INFO - [2024-12-13T00:38:20.164+0000] {dag.py:4138} INFO - Setting next_dagrun for amazon_product_scraper4 to 2024-12-12 00:00:00+00:00, run_after=2024-12-19 00:00:00+00:00
[2024-12-13T00:38:20.195+0000] {processor.py:208} INFO - Processing /opt/airflow/dags/AmazonAirflow4.py took 0.506 seconds
[2024-12-13T00:38:50.899+0000] {processor.py:186} INFO - Started process (PID=170) to work on /opt/airflow/dags/AmazonAirflow4.py
[2024-12-13T00:38:50.900+0000] {processor.py:914} INFO - Processing file /opt/airflow/dags/AmazonAirflow4.py for tasks to queue
[2024-12-13T00:38:50.902+0000] {logging_mixin.py:190} INFO - [2024-12-13T00:38:50.901+0000] {dagbag.py:587} INFO - Filling up the DagBag from /opt/airflow/dags/AmazonAirflow4.py
[2024-12-13T00:38:51.329+0000] {processor.py:925} INFO - DAG(s) 'amazon_product_scraper4' retrieved from /opt/airflow/dags/AmazonAirflow4.py
[2024-12-13T00:38:51.347+0000] {logging_mixin.py:190} INFO - [2024-12-13T00:38:51.347+0000] {dag.py:3211} INFO - Sync 1 DAGs
[2024-12-13T00:38:51.364+0000] {logging_mixin.py:190} INFO - [2024-12-13T00:38:51.364+0000] {dag.py:4138} INFO - Setting next_dagrun for amazon_product_scraper4 to 2024-12-12 00:00:00+00:00, run_after=2024-12-19 00:00:00+00:00
[2024-12-13T00:38:51.398+0000] {processor.py:208} INFO - Processing /opt/airflow/dags/AmazonAirflow4.py took 0.504 seconds
[2024-12-13T00:39:21.954+0000] {processor.py:186} INFO - Started process (PID=182) to work on /opt/airflow/dags/AmazonAirflow4.py
[2024-12-13T00:39:21.955+0000] {processor.py:914} INFO - Processing file /opt/airflow/dags/AmazonAirflow4.py for tasks to queue
[2024-12-13T00:39:21.957+0000] {logging_mixin.py:190} INFO - [2024-12-13T00:39:21.957+0000] {dagbag.py:587} INFO - Filling up the DagBag from /opt/airflow/dags/AmazonAirflow4.py
[2024-12-13T00:39:22.462+0000] {processor.py:925} INFO - DAG(s) 'amazon_product_scraper4' retrieved from /opt/airflow/dags/AmazonAirflow4.py
[2024-12-13T00:39:22.479+0000] {logging_mixin.py:190} INFO - [2024-12-13T00:39:22.479+0000] {dag.py:3211} INFO - Sync 1 DAGs
[2024-12-13T00:39:22.498+0000] {logging_mixin.py:190} INFO - [2024-12-13T00:39:22.498+0000] {dag.py:4138} INFO - Setting next_dagrun for amazon_product_scraper4 to 2024-12-12 00:00:00+00:00, run_after=2024-12-19 00:00:00+00:00
[2024-12-13T00:39:22.536+0000] {processor.py:208} INFO - Processing /opt/airflow/dags/AmazonAirflow4.py took 0.587 seconds
[2024-12-13T00:39:53.112+0000] {processor.py:186} INFO - Started process (PID=194) to work on /opt/airflow/dags/AmazonAirflow4.py
[2024-12-13T00:39:53.113+0000] {processor.py:914} INFO - Processing file /opt/airflow/dags/AmazonAirflow4.py for tasks to queue
[2024-12-13T00:39:53.115+0000] {logging_mixin.py:190} INFO - [2024-12-13T00:39:53.115+0000] {dagbag.py:587} INFO - Filling up the DagBag from /opt/airflow/dags/AmazonAirflow4.py
[2024-12-13T00:39:53.541+0000] {processor.py:925} INFO - DAG(s) 'amazon_product_scraper4' retrieved from /opt/airflow/dags/AmazonAirflow4.py
[2024-12-13T00:39:53.559+0000] {logging_mixin.py:190} INFO - [2024-12-13T00:39:53.559+0000] {dag.py:3211} INFO - Sync 1 DAGs
[2024-12-13T00:39:53.576+0000] {logging_mixin.py:190} INFO - [2024-12-13T00:39:53.576+0000] {dag.py:4138} INFO - Setting next_dagrun for amazon_product_scraper4 to 2024-12-12 00:00:00+00:00, run_after=2024-12-19 00:00:00+00:00
[2024-12-13T00:39:53.613+0000] {processor.py:208} INFO - Processing /opt/airflow/dags/AmazonAirflow4.py took 0.506 seconds
[2024-12-13T00:40:27.788+0000] {processor.py:186} INFO - Started process (PID=54) to work on /opt/airflow/dags/AmazonAirflow4.py
[2024-12-13T00:40:27.789+0000] {processor.py:914} INFO - Processing file /opt/airflow/dags/AmazonAirflow4.py for tasks to queue
[2024-12-13T00:40:27.791+0000] {logging_mixin.py:190} INFO - [2024-12-13T00:40:27.791+0000] {dagbag.py:587} INFO - Filling up the DagBag from /opt/airflow/dags/AmazonAirflow4.py
[2024-12-13T00:40:28.193+0000] {processor.py:925} INFO - DAG(s) 'amazon_product_scraper4' retrieved from /opt/airflow/dags/AmazonAirflow4.py
[2024-12-13T00:40:28.218+0000] {logging_mixin.py:190} INFO - [2024-12-13T00:40:28.218+0000] {dag.py:3211} INFO - Sync 1 DAGs
[2024-12-13T00:40:28.241+0000] {logging_mixin.py:190} INFO - [2024-12-13T00:40:28.241+0000] {dag.py:4138} INFO - Setting next_dagrun for amazon_product_scraper4 to 2024-12-12 00:00:00+00:00, run_after=2024-12-19 00:00:00+00:00
[2024-12-13T00:40:28.290+0000] {processor.py:208} INFO - Processing /opt/airflow/dags/AmazonAirflow4.py took 0.507 seconds
[2024-12-13T00:40:58.597+0000] {processor.py:186} INFO - Started process (PID=73) to work on /opt/airflow/dags/AmazonAirflow4.py
[2024-12-13T00:40:58.598+0000] {processor.py:914} INFO - Processing file /opt/airflow/dags/AmazonAirflow4.py for tasks to queue
[2024-12-13T00:40:58.600+0000] {logging_mixin.py:190} INFO - [2024-12-13T00:40:58.600+0000] {dagbag.py:587} INFO - Filling up the DagBag from /opt/airflow/dags/AmazonAirflow4.py
[2024-12-13T00:40:58.908+0000] {processor.py:925} INFO - DAG(s) 'amazon_product_scraper4' retrieved from /opt/airflow/dags/AmazonAirflow4.py
[2024-12-13T00:40:58.929+0000] {logging_mixin.py:190} INFO - [2024-12-13T00:40:58.928+0000] {dag.py:3211} INFO - Sync 1 DAGs
[2024-12-13T00:40:58.949+0000] {logging_mixin.py:190} INFO - [2024-12-13T00:40:58.949+0000] {dag.py:4138} INFO - Setting next_dagrun for amazon_product_scraper4 to 2024-12-12 00:00:00+00:00, run_after=2024-12-19 00:00:00+00:00
[2024-12-13T00:40:59.012+0000] {processor.py:208} INFO - Processing /opt/airflow/dags/AmazonAirflow4.py took 0.419 seconds
[2024-12-13T00:41:36.619+0000] {processor.py:186} INFO - Started process (PID=53) to work on /opt/airflow/dags/AmazonAirflow4.py
[2024-12-13T00:41:36.620+0000] {processor.py:914} INFO - Processing file /opt/airflow/dags/AmazonAirflow4.py for tasks to queue
[2024-12-13T00:41:36.622+0000] {logging_mixin.py:190} INFO - [2024-12-13T00:41:36.622+0000] {dagbag.py:587} INFO - Filling up the DagBag from /opt/airflow/dags/AmazonAirflow4.py
[2024-12-13T00:41:37.089+0000] {processor.py:925} INFO - DAG(s) 'amazon_product_scraper4' retrieved from /opt/airflow/dags/AmazonAirflow4.py
[2024-12-13T00:41:37.115+0000] {logging_mixin.py:190} INFO - [2024-12-13T00:41:37.114+0000] {dag.py:3211} INFO - Sync 1 DAGs
[2024-12-13T00:41:37.144+0000] {logging_mixin.py:190} INFO - [2024-12-13T00:41:37.144+0000] {dag.py:4138} INFO - Setting next_dagrun for amazon_product_scraper4 to 2024-12-12 00:00:00+00:00, run_after=2024-12-19 00:00:00+00:00
[2024-12-13T00:41:37.199+0000] {processor.py:208} INFO - Processing /opt/airflow/dags/AmazonAirflow4.py took 0.586 seconds
[2024-12-13T00:42:07.437+0000] {processor.py:186} INFO - Started process (PID=84) to work on /opt/airflow/dags/AmazonAirflow4.py
[2024-12-13T00:42:07.438+0000] {processor.py:914} INFO - Processing file /opt/airflow/dags/AmazonAirflow4.py for tasks to queue
[2024-12-13T00:42:07.440+0000] {logging_mixin.py:190} INFO - [2024-12-13T00:42:07.440+0000] {dagbag.py:587} INFO - Filling up the DagBag from /opt/airflow/dags/AmazonAirflow4.py
[2024-12-13T00:42:07.798+0000] {processor.py:925} INFO - DAG(s) 'amazon_product_scraper4' retrieved from /opt/airflow/dags/AmazonAirflow4.py
[2024-12-13T00:42:07.820+0000] {logging_mixin.py:190} INFO - [2024-12-13T00:42:07.819+0000] {dag.py:3211} INFO - Sync 1 DAGs
[2024-12-13T00:42:07.840+0000] {logging_mixin.py:190} INFO - [2024-12-13T00:42:07.840+0000] {dag.py:4138} INFO - Setting next_dagrun for amazon_product_scraper4 to 2024-12-12 00:00:00+00:00, run_after=2024-12-19 00:00:00+00:00
[2024-12-13T00:42:07.896+0000] {processor.py:208} INFO - Processing /opt/airflow/dags/AmazonAirflow4.py took 0.464 seconds
[2024-12-13T00:42:38.810+0000] {processor.py:186} INFO - Started process (PID=96) to work on /opt/airflow/dags/AmazonAirflow4.py
[2024-12-13T00:42:38.811+0000] {processor.py:914} INFO - Processing file /opt/airflow/dags/AmazonAirflow4.py for tasks to queue
[2024-12-13T00:42:38.813+0000] {logging_mixin.py:190} INFO - [2024-12-13T00:42:38.813+0000] {dagbag.py:587} INFO - Filling up the DagBag from /opt/airflow/dags/AmazonAirflow4.py
[2024-12-13T00:42:39.170+0000] {processor.py:925} INFO - DAG(s) 'amazon_product_scraper4' retrieved from /opt/airflow/dags/AmazonAirflow4.py
[2024-12-13T00:42:39.195+0000] {logging_mixin.py:190} INFO - [2024-12-13T00:42:39.194+0000] {dag.py:3211} INFO - Sync 1 DAGs
[2024-12-13T00:42:39.343+0000] {logging_mixin.py:190} INFO - [2024-12-13T00:42:39.343+0000] {dag.py:4138} INFO - Setting next_dagrun for amazon_product_scraper4 to 2024-12-12 00:00:00+00:00, run_after=2024-12-19 00:00:00+00:00
[2024-12-13T00:42:39.390+0000] {processor.py:208} INFO - Processing /opt/airflow/dags/AmazonAirflow4.py took 0.585 seconds
[2024-12-13T00:43:15.622+0000] {processor.py:186} INFO - Started process (PID=114) to work on /opt/airflow/dags/AmazonAirflow4.py
[2024-12-13T00:43:15.625+0000] {processor.py:914} INFO - Processing file /opt/airflow/dags/AmazonAirflow4.py for tasks to queue
[2024-12-13T00:43:15.636+0000] {logging_mixin.py:190} INFO - [2024-12-13T00:43:15.635+0000] {dagbag.py:587} INFO - Filling up the DagBag from /opt/airflow/dags/AmazonAirflow4.py
[2024-12-13T00:43:16.697+0000] {processor.py:925} INFO - DAG(s) 'amazon_product_scraper4' retrieved from /opt/airflow/dags/AmazonAirflow4.py
[2024-12-13T00:43:17.173+0000] {logging_mixin.py:190} INFO - [2024-12-13T00:43:17.172+0000] {dag.py:3211} INFO - Sync 1 DAGs
[2024-12-13T00:43:17.223+0000] {logging_mixin.py:190} INFO - [2024-12-13T00:43:17.223+0000] {dag.py:4138} INFO - Setting next_dagrun for amazon_product_scraper4 to 2024-12-12 00:00:00+00:00, run_after=2024-12-19 00:00:00+00:00
[2024-12-13T00:43:17.354+0000] {processor.py:208} INFO - Processing /opt/airflow/dags/AmazonAirflow4.py took 1.753 seconds
