[2024-12-13T00:34:15.562+0000] {processor.py:186} INFO - Started process (PID=68) to work on /opt/airflow/dags/AmazonAirflow.py
[2024-12-13T00:34:15.563+0000] {processor.py:914} INFO - Processing file /opt/airflow/dags/AmazonAirflow.py for tasks to queue
[2024-12-13T00:34:15.565+0000] {logging_mixin.py:190} INFO - [2024-12-13T00:34:15.565+0000] {dagbag.py:587} INFO - Filling up the DagBag from /opt/airflow/dags/AmazonAirflow.py
[2024-12-13T00:34:15.952+0000] {processor.py:925} INFO - DAG(s) 'amazon_product_scraper' retrieved from /opt/airflow/dags/AmazonAirflow.py
[2024-12-13T00:34:15.962+0000] {logging_mixin.py:190} INFO - [2024-12-13T00:34:15.962+0000] {dag.py:3211} INFO - Sync 1 DAGs
[2024-12-13T00:34:15.984+0000] {logging_mixin.py:190} INFO - [2024-12-13T00:34:15.984+0000] {dag.py:4138} INFO - Setting next_dagrun for amazon_product_scraper to 2024-12-12 00:00:00+00:00, run_after=2024-12-19 00:00:00+00:00
[2024-12-13T00:34:16.025+0000] {processor.py:208} INFO - Processing /opt/airflow/dags/AmazonAirflow.py took 0.468 seconds
[2024-12-13T00:34:46.753+0000] {processor.py:186} INFO - Started process (PID=80) to work on /opt/airflow/dags/AmazonAirflow.py
[2024-12-13T00:34:46.754+0000] {processor.py:914} INFO - Processing file /opt/airflow/dags/AmazonAirflow.py for tasks to queue
[2024-12-13T00:34:46.756+0000] {logging_mixin.py:190} INFO - [2024-12-13T00:34:46.756+0000] {dagbag.py:587} INFO - Filling up the DagBag from /opt/airflow/dags/AmazonAirflow.py
[2024-12-13T00:34:47.074+0000] {processor.py:925} INFO - DAG(s) 'amazon_product_scraper' retrieved from /opt/airflow/dags/AmazonAirflow.py
[2024-12-13T00:34:47.083+0000] {logging_mixin.py:190} INFO - [2024-12-13T00:34:47.082+0000] {dag.py:3211} INFO - Sync 1 DAGs
[2024-12-13T00:34:47.100+0000] {logging_mixin.py:190} INFO - [2024-12-13T00:34:47.100+0000] {dag.py:4138} INFO - Setting next_dagrun for amazon_product_scraper to 2024-12-12 00:00:00+00:00, run_after=2024-12-19 00:00:00+00:00
[2024-12-13T00:34:47.135+0000] {processor.py:208} INFO - Processing /opt/airflow/dags/AmazonAirflow.py took 0.386 seconds
[2024-12-13T00:35:17.543+0000] {processor.py:186} INFO - Started process (PID=92) to work on /opt/airflow/dags/AmazonAirflow.py
[2024-12-13T00:35:17.544+0000] {processor.py:914} INFO - Processing file /opt/airflow/dags/AmazonAirflow.py for tasks to queue
[2024-12-13T00:35:17.545+0000] {logging_mixin.py:190} INFO - [2024-12-13T00:35:17.545+0000] {dagbag.py:587} INFO - Filling up the DagBag from /opt/airflow/dags/AmazonAirflow.py
[2024-12-13T00:35:17.859+0000] {processor.py:925} INFO - DAG(s) 'amazon_product_scraper' retrieved from /opt/airflow/dags/AmazonAirflow.py
[2024-12-13T00:35:18.068+0000] {logging_mixin.py:190} INFO - [2024-12-13T00:35:18.068+0000] {dag.py:3211} INFO - Sync 1 DAGs
[2024-12-13T00:35:18.084+0000] {logging_mixin.py:190} INFO - [2024-12-13T00:35:18.084+0000] {dag.py:4138} INFO - Setting next_dagrun for amazon_product_scraper to 2024-12-12 00:00:00+00:00, run_after=2024-12-19 00:00:00+00:00
[2024-12-13T00:35:18.243+0000] {processor.py:208} INFO - Processing /opt/airflow/dags/AmazonAirflow.py took 0.705 seconds
[2024-12-13T00:35:48.783+0000] {processor.py:186} INFO - Started process (PID=104) to work on /opt/airflow/dags/AmazonAirflow.py
[2024-12-13T00:35:48.785+0000] {processor.py:914} INFO - Processing file /opt/airflow/dags/AmazonAirflow.py for tasks to queue
[2024-12-13T00:35:48.788+0000] {logging_mixin.py:190} INFO - [2024-12-13T00:35:48.787+0000] {dagbag.py:587} INFO - Filling up the DagBag from /opt/airflow/dags/AmazonAirflow.py
[2024-12-13T00:35:49.102+0000] {processor.py:925} INFO - DAG(s) 'amazon_product_scraper' retrieved from /opt/airflow/dags/AmazonAirflow.py
[2024-12-13T00:35:49.125+0000] {logging_mixin.py:190} INFO - [2024-12-13T00:35:49.124+0000] {dag.py:3211} INFO - Sync 1 DAGs
[2024-12-13T00:35:49.271+0000] {logging_mixin.py:190} INFO - [2024-12-13T00:35:49.271+0000] {dag.py:4138} INFO - Setting next_dagrun for amazon_product_scraper to 2024-12-12 00:00:00+00:00, run_after=2024-12-19 00:00:00+00:00
[2024-12-13T00:35:49.306+0000] {processor.py:208} INFO - Processing /opt/airflow/dags/AmazonAirflow.py took 0.528 seconds
[2024-12-13T00:36:20.259+0000] {processor.py:186} INFO - Started process (PID=116) to work on /opt/airflow/dags/AmazonAirflow.py
[2024-12-13T00:36:20.260+0000] {processor.py:914} INFO - Processing file /opt/airflow/dags/AmazonAirflow.py for tasks to queue
[2024-12-13T00:36:20.262+0000] {logging_mixin.py:190} INFO - [2024-12-13T00:36:20.262+0000] {dagbag.py:587} INFO - Filling up the DagBag from /opt/airflow/dags/AmazonAirflow.py
[2024-12-13T00:36:20.579+0000] {processor.py:925} INFO - DAG(s) 'amazon_product_scraper' retrieved from /opt/airflow/dags/AmazonAirflow.py
[2024-12-13T00:36:20.588+0000] {logging_mixin.py:190} INFO - [2024-12-13T00:36:20.587+0000] {dag.py:3211} INFO - Sync 1 DAGs
[2024-12-13T00:36:20.612+0000] {logging_mixin.py:190} INFO - [2024-12-13T00:36:20.611+0000] {dag.py:4138} INFO - Setting next_dagrun for amazon_product_scraper to 2024-12-12 00:00:00+00:00, run_after=2024-12-19 00:00:00+00:00
[2024-12-13T00:36:20.658+0000] {processor.py:208} INFO - Processing /opt/airflow/dags/AmazonAirflow.py took 0.404 seconds
[2024-12-13T00:36:50.997+0000] {processor.py:186} INFO - Started process (PID=128) to work on /opt/airflow/dags/AmazonAirflow.py
[2024-12-13T00:36:50.997+0000] {processor.py:914} INFO - Processing file /opt/airflow/dags/AmazonAirflow.py for tasks to queue
[2024-12-13T00:36:50.999+0000] {logging_mixin.py:190} INFO - [2024-12-13T00:36:50.999+0000] {dagbag.py:587} INFO - Filling up the DagBag from /opt/airflow/dags/AmazonAirflow.py
[2024-12-13T00:36:51.456+0000] {processor.py:925} INFO - DAG(s) 'amazon_product_scraper' retrieved from /opt/airflow/dags/AmazonAirflow.py
[2024-12-13T00:36:51.465+0000] {logging_mixin.py:190} INFO - [2024-12-13T00:36:51.464+0000] {dag.py:3211} INFO - Sync 1 DAGs
[2024-12-13T00:36:51.483+0000] {logging_mixin.py:190} INFO - [2024-12-13T00:36:51.482+0000] {dag.py:4138} INFO - Setting next_dagrun for amazon_product_scraper to 2024-12-12 00:00:00+00:00, run_after=2024-12-19 00:00:00+00:00
[2024-12-13T00:36:51.521+0000] {processor.py:208} INFO - Processing /opt/airflow/dags/AmazonAirflow.py took 0.530 seconds
[2024-12-13T00:37:21.758+0000] {processor.py:186} INFO - Started process (PID=140) to work on /opt/airflow/dags/AmazonAirflow.py
[2024-12-13T00:37:21.759+0000] {processor.py:914} INFO - Processing file /opt/airflow/dags/AmazonAirflow.py for tasks to queue
[2024-12-13T00:37:21.761+0000] {logging_mixin.py:190} INFO - [2024-12-13T00:37:21.761+0000] {dagbag.py:587} INFO - Filling up the DagBag from /opt/airflow/dags/AmazonAirflow.py
[2024-12-13T00:37:22.207+0000] {processor.py:925} INFO - DAG(s) 'amazon_product_scraper' retrieved from /opt/airflow/dags/AmazonAirflow.py
[2024-12-13T00:37:22.293+0000] {logging_mixin.py:190} INFO - [2024-12-13T00:37:22.293+0000] {dag.py:3211} INFO - Sync 1 DAGs
[2024-12-13T00:37:22.309+0000] {logging_mixin.py:190} INFO - [2024-12-13T00:37:22.309+0000] {dag.py:4138} INFO - Setting next_dagrun for amazon_product_scraper to 2024-12-12 00:00:00+00:00, run_after=2024-12-19 00:00:00+00:00
[2024-12-13T00:37:22.345+0000] {processor.py:208} INFO - Processing /opt/airflow/dags/AmazonAirflow.py took 0.591 seconds
[2024-12-13T00:37:52.681+0000] {processor.py:186} INFO - Started process (PID=152) to work on /opt/airflow/dags/AmazonAirflow.py
[2024-12-13T00:37:52.682+0000] {processor.py:914} INFO - Processing file /opt/airflow/dags/AmazonAirflow.py for tasks to queue
[2024-12-13T00:37:52.684+0000] {logging_mixin.py:190} INFO - [2024-12-13T00:37:52.683+0000] {dagbag.py:587} INFO - Filling up the DagBag from /opt/airflow/dags/AmazonAirflow.py
[2024-12-13T00:37:53.118+0000] {processor.py:925} INFO - DAG(s) 'amazon_product_scraper' retrieved from /opt/airflow/dags/AmazonAirflow.py
[2024-12-13T00:37:53.136+0000] {logging_mixin.py:190} INFO - [2024-12-13T00:37:53.136+0000] {dag.py:3211} INFO - Sync 1 DAGs
[2024-12-13T00:37:53.153+0000] {logging_mixin.py:190} INFO - [2024-12-13T00:37:53.153+0000] {dag.py:4138} INFO - Setting next_dagrun for amazon_product_scraper to 2024-12-12 00:00:00+00:00, run_after=2024-12-19 00:00:00+00:00
[2024-12-13T00:37:53.191+0000] {processor.py:208} INFO - Processing /opt/airflow/dags/AmazonAirflow.py took 0.515 seconds
[2024-12-13T00:38:23.510+0000] {processor.py:186} INFO - Started process (PID=164) to work on /opt/airflow/dags/AmazonAirflow.py
[2024-12-13T00:38:23.511+0000] {processor.py:914} INFO - Processing file /opt/airflow/dags/AmazonAirflow.py for tasks to queue
[2024-12-13T00:38:23.513+0000] {logging_mixin.py:190} INFO - [2024-12-13T00:38:23.513+0000] {dagbag.py:587} INFO - Filling up the DagBag from /opt/airflow/dags/AmazonAirflow.py
[2024-12-13T00:38:23.931+0000] {processor.py:925} INFO - DAG(s) 'amazon_product_scraper' retrieved from /opt/airflow/dags/AmazonAirflow.py
[2024-12-13T00:38:23.939+0000] {logging_mixin.py:190} INFO - [2024-12-13T00:38:23.939+0000] {dag.py:3211} INFO - Sync 1 DAGs
[2024-12-13T00:38:23.956+0000] {logging_mixin.py:190} INFO - [2024-12-13T00:38:23.956+0000] {dag.py:4138} INFO - Setting next_dagrun for amazon_product_scraper to 2024-12-12 00:00:00+00:00, run_after=2024-12-19 00:00:00+00:00
[2024-12-13T00:38:23.991+0000] {processor.py:208} INFO - Processing /opt/airflow/dags/AmazonAirflow.py took 0.485 seconds
[2024-12-13T00:38:55.416+0000] {processor.py:186} INFO - Started process (PID=176) to work on /opt/airflow/dags/AmazonAirflow.py
[2024-12-13T00:38:55.417+0000] {processor.py:914} INFO - Processing file /opt/airflow/dags/AmazonAirflow.py for tasks to queue
[2024-12-13T00:38:55.419+0000] {logging_mixin.py:190} INFO - [2024-12-13T00:38:55.419+0000] {dagbag.py:587} INFO - Filling up the DagBag from /opt/airflow/dags/AmazonAirflow.py
[2024-12-13T00:38:55.819+0000] {processor.py:925} INFO - DAG(s) 'amazon_product_scraper' retrieved from /opt/airflow/dags/AmazonAirflow.py
[2024-12-13T00:38:55.826+0000] {logging_mixin.py:190} INFO - [2024-12-13T00:38:55.826+0000] {dag.py:3211} INFO - Sync 1 DAGs
[2024-12-13T00:38:55.842+0000] {logging_mixin.py:190} INFO - [2024-12-13T00:38:55.842+0000] {dag.py:4138} INFO - Setting next_dagrun for amazon_product_scraper to 2024-12-12 00:00:00+00:00, run_after=2024-12-19 00:00:00+00:00
[2024-12-13T00:38:55.879+0000] {processor.py:208} INFO - Processing /opt/airflow/dags/AmazonAirflow.py took 0.467 seconds
[2024-12-13T00:39:26.062+0000] {processor.py:186} INFO - Started process (PID=188) to work on /opt/airflow/dags/AmazonAirflow.py
[2024-12-13T00:39:26.062+0000] {processor.py:914} INFO - Processing file /opt/airflow/dags/AmazonAirflow.py for tasks to queue
[2024-12-13T00:39:26.064+0000] {logging_mixin.py:190} INFO - [2024-12-13T00:39:26.064+0000] {dagbag.py:587} INFO - Filling up the DagBag from /opt/airflow/dags/AmazonAirflow.py
[2024-12-13T00:39:26.531+0000] {processor.py:925} INFO - DAG(s) 'amazon_product_scraper' retrieved from /opt/airflow/dags/AmazonAirflow.py
[2024-12-13T00:39:26.620+0000] {logging_mixin.py:190} INFO - [2024-12-13T00:39:26.619+0000] {dag.py:3211} INFO - Sync 1 DAGs
[2024-12-13T00:39:26.636+0000] {logging_mixin.py:190} INFO - [2024-12-13T00:39:26.636+0000] {dag.py:4138} INFO - Setting next_dagrun for amazon_product_scraper to 2024-12-12 00:00:00+00:00, run_after=2024-12-19 00:00:00+00:00
[2024-12-13T00:39:26.675+0000] {processor.py:208} INFO - Processing /opt/airflow/dags/AmazonAirflow.py took 0.617 seconds
[2024-12-13T00:39:56.925+0000] {processor.py:186} INFO - Started process (PID=200) to work on /opt/airflow/dags/AmazonAirflow.py
[2024-12-13T00:39:56.926+0000] {processor.py:914} INFO - Processing file /opt/airflow/dags/AmazonAirflow.py for tasks to queue
[2024-12-13T00:39:56.928+0000] {logging_mixin.py:190} INFO - [2024-12-13T00:39:56.928+0000] {dagbag.py:587} INFO - Filling up the DagBag from /opt/airflow/dags/AmazonAirflow.py
[2024-12-13T00:39:57.342+0000] {processor.py:925} INFO - DAG(s) 'amazon_product_scraper' retrieved from /opt/airflow/dags/AmazonAirflow.py
[2024-12-13T00:39:57.359+0000] {logging_mixin.py:190} INFO - [2024-12-13T00:39:57.359+0000] {dag.py:3211} INFO - Sync 1 DAGs
[2024-12-13T00:39:57.375+0000] {logging_mixin.py:190} INFO - [2024-12-13T00:39:57.375+0000] {dag.py:4138} INFO - Setting next_dagrun for amazon_product_scraper to 2024-12-12 00:00:00+00:00, run_after=2024-12-19 00:00:00+00:00
[2024-12-13T00:39:57.409+0000] {processor.py:208} INFO - Processing /opt/airflow/dags/AmazonAirflow.py took 0.488 seconds
[2024-12-13T00:40:32.525+0000] {processor.py:186} INFO - Started process (PID=67) to work on /opt/airflow/dags/AmazonAirflow.py
[2024-12-13T00:40:32.526+0000] {processor.py:914} INFO - Processing file /opt/airflow/dags/AmazonAirflow.py for tasks to queue
[2024-12-13T00:40:32.527+0000] {logging_mixin.py:190} INFO - [2024-12-13T00:40:32.527+0000] {dagbag.py:587} INFO - Filling up the DagBag from /opt/airflow/dags/AmazonAirflow.py
[2024-12-13T00:40:32.843+0000] {processor.py:925} INFO - DAG(s) 'amazon_product_scraper' retrieved from /opt/airflow/dags/AmazonAirflow.py
[2024-12-13T00:40:32.854+0000] {logging_mixin.py:190} INFO - [2024-12-13T00:40:32.854+0000] {dag.py:3211} INFO - Sync 1 DAGs
[2024-12-13T00:40:32.880+0000] {logging_mixin.py:190} INFO - [2024-12-13T00:40:32.880+0000] {dag.py:4138} INFO - Setting next_dagrun for amazon_product_scraper to 2024-12-12 00:00:00+00:00, run_after=2024-12-19 00:00:00+00:00
[2024-12-13T00:40:32.916+0000] {processor.py:208} INFO - Processing /opt/airflow/dags/AmazonAirflow.py took 0.396 seconds
[2024-12-13T00:41:04.290+0000] {processor.py:186} INFO - Started process (PID=79) to work on /opt/airflow/dags/AmazonAirflow.py
[2024-12-13T00:41:04.291+0000] {processor.py:914} INFO - Processing file /opt/airflow/dags/AmazonAirflow.py for tasks to queue
[2024-12-13T00:41:04.292+0000] {logging_mixin.py:190} INFO - [2024-12-13T00:41:04.292+0000] {dagbag.py:587} INFO - Filling up the DagBag from /opt/airflow/dags/AmazonAirflow.py
[2024-12-13T00:41:04.606+0000] {processor.py:925} INFO - DAG(s) 'amazon_product_scraper' retrieved from /opt/airflow/dags/AmazonAirflow.py
[2024-12-13T00:41:04.617+0000] {logging_mixin.py:190} INFO - [2024-12-13T00:41:04.617+0000] {dag.py:3211} INFO - Sync 1 DAGs
[2024-12-13T00:41:04.642+0000] {logging_mixin.py:190} INFO - [2024-12-13T00:41:04.642+0000] {dag.py:4138} INFO - Setting next_dagrun for amazon_product_scraper to 2024-12-12 00:00:00+00:00, run_after=2024-12-19 00:00:00+00:00
[2024-12-13T00:41:04.687+0000] {processor.py:208} INFO - Processing /opt/airflow/dags/AmazonAirflow.py took 0.402 seconds
[2024-12-13T00:41:41.371+0000] {processor.py:186} INFO - Started process (PID=68) to work on /opt/airflow/dags/AmazonAirflow.py
[2024-12-13T00:41:41.372+0000] {processor.py:914} INFO - Processing file /opt/airflow/dags/AmazonAirflow.py for tasks to queue
[2024-12-13T00:41:41.374+0000] {logging_mixin.py:190} INFO - [2024-12-13T00:41:41.374+0000] {dagbag.py:587} INFO - Filling up the DagBag from /opt/airflow/dags/AmazonAirflow.py
[2024-12-13T00:41:41.845+0000] {processor.py:925} INFO - DAG(s) 'amazon_product_scraper' retrieved from /opt/airflow/dags/AmazonAirflow.py
[2024-12-13T00:41:41.861+0000] {logging_mixin.py:190} INFO - [2024-12-13T00:41:41.860+0000] {dag.py:3211} INFO - Sync 1 DAGs
[2024-12-13T00:41:41.895+0000] {logging_mixin.py:190} INFO - [2024-12-13T00:41:41.895+0000] {dag.py:4138} INFO - Setting next_dagrun for amazon_product_scraper to 2024-12-12 00:00:00+00:00, run_after=2024-12-19 00:00:00+00:00
[2024-12-13T00:41:41.942+0000] {processor.py:208} INFO - Processing /opt/airflow/dags/AmazonAirflow.py took 0.576 seconds
[2024-12-13T00:42:13.418+0000] {processor.py:186} INFO - Started process (PID=90) to work on /opt/airflow/dags/AmazonAirflow.py
[2024-12-13T00:42:13.421+0000] {processor.py:914} INFO - Processing file /opt/airflow/dags/AmazonAirflow.py for tasks to queue
[2024-12-13T00:42:13.429+0000] {logging_mixin.py:190} INFO - [2024-12-13T00:42:13.429+0000] {dagbag.py:587} INFO - Filling up the DagBag from /opt/airflow/dags/AmazonAirflow.py
[2024-12-13T00:42:14.187+0000] {processor.py:925} INFO - DAG(s) 'amazon_product_scraper' retrieved from /opt/airflow/dags/AmazonAirflow.py
[2024-12-13T00:42:14.210+0000] {logging_mixin.py:190} INFO - [2024-12-13T00:42:14.209+0000] {dag.py:3211} INFO - Sync 1 DAGs
[2024-12-13T00:42:14.247+0000] {logging_mixin.py:190} INFO - [2024-12-13T00:42:14.247+0000] {dag.py:4138} INFO - Setting next_dagrun for amazon_product_scraper to 2024-12-12 00:00:00+00:00, run_after=2024-12-19 00:00:00+00:00
[2024-12-13T00:42:14.312+0000] {processor.py:208} INFO - Processing /opt/airflow/dags/AmazonAirflow.py took 0.903 seconds
[2024-12-13T00:42:47.222+0000] {processor.py:186} INFO - Started process (PID=102) to work on /opt/airflow/dags/AmazonAirflow.py
[2024-12-13T00:42:47.224+0000] {processor.py:914} INFO - Processing file /opt/airflow/dags/AmazonAirflow.py for tasks to queue
[2024-12-13T00:42:47.228+0000] {logging_mixin.py:190} INFO - [2024-12-13T00:42:47.228+0000] {dagbag.py:587} INFO - Filling up the DagBag from /opt/airflow/dags/AmazonAirflow.py
[2024-12-13T00:42:47.916+0000] {processor.py:925} INFO - DAG(s) 'amazon_product_scraper' retrieved from /opt/airflow/dags/AmazonAirflow.py
[2024-12-13T00:42:47.942+0000] {logging_mixin.py:190} INFO - [2024-12-13T00:42:47.941+0000] {dag.py:3211} INFO - Sync 1 DAGs
[2024-12-13T00:42:47.996+0000] {logging_mixin.py:190} INFO - [2024-12-13T00:42:47.996+0000] {dag.py:4138} INFO - Setting next_dagrun for amazon_product_scraper to 2024-12-12 00:00:00+00:00, run_after=2024-12-19 00:00:00+00:00
[2024-12-13T00:42:48.110+0000] {processor.py:208} INFO - Processing /opt/airflow/dags/AmazonAirflow.py took 0.895 seconds
[2024-12-13T00:43:18.723+0000] {processor.py:186} INFO - Started process (PID=116) to work on /opt/airflow/dags/AmazonAirflow.py
[2024-12-13T00:43:18.725+0000] {processor.py:914} INFO - Processing file /opt/airflow/dags/AmazonAirflow.py for tasks to queue
[2024-12-13T00:43:18.730+0000] {logging_mixin.py:190} INFO - [2024-12-13T00:43:18.729+0000] {dagbag.py:587} INFO - Filling up the DagBag from /opt/airflow/dags/AmazonAirflow.py
[2024-12-13T00:43:19.777+0000] {processor.py:925} INFO - DAG(s) 'amazon_product_scraper' retrieved from /opt/airflow/dags/AmazonAirflow.py
[2024-12-13T00:43:20.396+0000] {logging_mixin.py:190} INFO - [2024-12-13T00:43:20.395+0000] {dag.py:3211} INFO - Sync 1 DAGs
[2024-12-13T00:43:20.441+0000] {logging_mixin.py:190} INFO - [2024-12-13T00:43:20.441+0000] {dag.py:4138} INFO - Setting next_dagrun for amazon_product_scraper to 2024-12-12 00:00:00+00:00, run_after=2024-12-19 00:00:00+00:00
[2024-12-13T00:43:20.574+0000] {processor.py:208} INFO - Processing /opt/airflow/dags/AmazonAirflow.py took 1.860 seconds
