[2024-12-13T00:34:17.150+0000] {processor.py:186} INFO - Started process (PID=70) to work on /opt/airflow/dags/MergeFile.py
[2024-12-13T00:34:17.151+0000] {processor.py:914} INFO - Processing file /opt/airflow/dags/MergeFile.py for tasks to queue
[2024-12-13T00:34:17.154+0000] {logging_mixin.py:190} INFO - [2024-12-13T00:34:17.153+0000] {dagbag.py:587} INFO - Filling up the DagBag from /opt/airflow/dags/MergeFile.py
[2024-12-13T00:34:17.475+0000] {processor.py:925} INFO - DAG(s) 'amazon_csv_merger' retrieved from /opt/airflow/dags/MergeFile.py
[2024-12-13T00:34:17.590+0000] {logging_mixin.py:190} INFO - [2024-12-13T00:34:17.590+0000] {override.py:1858} INFO - Created Permission View: can edit on DAG:amazon_csv_merger
[2024-12-13T00:34:17.617+0000] {logging_mixin.py:190} INFO - [2024-12-13T00:34:17.616+0000] {override.py:1858} INFO - Created Permission View: can read on DAG:amazon_csv_merger
[2024-12-13T00:34:17.642+0000] {logging_mixin.py:190} INFO - [2024-12-13T00:34:17.642+0000] {override.py:1858} INFO - Created Permission View: can delete on DAG:amazon_csv_merger
[2024-12-13T00:34:17.643+0000] {logging_mixin.py:190} INFO - [2024-12-13T00:34:17.642+0000] {dag.py:3211} INFO - Sync 1 DAGs
[2024-12-13T00:34:17.656+0000] {logging_mixin.py:190} INFO - [2024-12-13T00:34:17.655+0000] {dag.py:3234} INFO - Creating ORM DAG for amazon_csv_merger
[2024-12-13T00:34:17.667+0000] {logging_mixin.py:190} INFO - [2024-12-13T00:34:17.667+0000] {dag.py:4138} INFO - Setting next_dagrun for amazon_csv_merger to 2024-12-12 00:00:00+00:00, run_after=2024-12-19 00:00:00+00:00
[2024-12-13T00:34:17.849+0000] {processor.py:208} INFO - Processing /opt/airflow/dags/MergeFile.py took 0.705 seconds
[2024-12-13T00:34:48.236+0000] {processor.py:186} INFO - Started process (PID=82) to work on /opt/airflow/dags/MergeFile.py
[2024-12-13T00:34:48.237+0000] {processor.py:914} INFO - Processing file /opt/airflow/dags/MergeFile.py for tasks to queue
[2024-12-13T00:34:48.238+0000] {logging_mixin.py:190} INFO - [2024-12-13T00:34:48.238+0000] {dagbag.py:587} INFO - Filling up the DagBag from /opt/airflow/dags/MergeFile.py
[2024-12-13T00:34:48.475+0000] {processor.py:925} INFO - DAG(s) 'amazon_csv_merger' retrieved from /opt/airflow/dags/MergeFile.py
[2024-12-13T00:34:48.498+0000] {logging_mixin.py:190} INFO - [2024-12-13T00:34:48.498+0000] {dag.py:3211} INFO - Sync 1 DAGs
[2024-12-13T00:34:48.520+0000] {logging_mixin.py:190} INFO - [2024-12-13T00:34:48.520+0000] {dag.py:4138} INFO - Setting next_dagrun for amazon_csv_merger to 2024-12-12 00:00:00+00:00, run_after=2024-12-19 00:00:00+00:00
[2024-12-13T00:34:48.563+0000] {processor.py:208} INFO - Processing /opt/airflow/dags/MergeFile.py took 0.331 seconds
[2024-12-13T00:35:18.882+0000] {processor.py:186} INFO - Started process (PID=94) to work on /opt/airflow/dags/MergeFile.py
[2024-12-13T00:35:18.883+0000] {processor.py:914} INFO - Processing file /opt/airflow/dags/MergeFile.py for tasks to queue
[2024-12-13T00:35:18.885+0000] {logging_mixin.py:190} INFO - [2024-12-13T00:35:18.885+0000] {dagbag.py:587} INFO - Filling up the DagBag from /opt/airflow/dags/MergeFile.py
[2024-12-13T00:35:19.153+0000] {processor.py:925} INFO - DAG(s) 'amazon_csv_merger' retrieved from /opt/airflow/dags/MergeFile.py
[2024-12-13T00:35:19.193+0000] {logging_mixin.py:190} INFO - [2024-12-13T00:35:19.192+0000] {dag.py:3211} INFO - Sync 1 DAGs
[2024-12-13T00:35:19.214+0000] {logging_mixin.py:190} INFO - [2024-12-13T00:35:19.214+0000] {dag.py:4138} INFO - Setting next_dagrun for amazon_csv_merger to 2024-12-12 00:00:00+00:00, run_after=2024-12-19 00:00:00+00:00
[2024-12-13T00:35:19.365+0000] {processor.py:208} INFO - Processing /opt/airflow/dags/MergeFile.py took 0.487 seconds
[2024-12-13T00:35:49.619+0000] {processor.py:186} INFO - Started process (PID=106) to work on /opt/airflow/dags/MergeFile.py
[2024-12-13T00:35:49.620+0000] {processor.py:914} INFO - Processing file /opt/airflow/dags/MergeFile.py for tasks to queue
[2024-12-13T00:35:49.621+0000] {logging_mixin.py:190} INFO - [2024-12-13T00:35:49.621+0000] {dagbag.py:587} INFO - Filling up the DagBag from /opt/airflow/dags/MergeFile.py
[2024-12-13T00:35:49.879+0000] {processor.py:925} INFO - DAG(s) 'amazon_csv_merger' retrieved from /opt/airflow/dags/MergeFile.py
[2024-12-13T00:35:49.898+0000] {logging_mixin.py:190} INFO - [2024-12-13T00:35:49.898+0000] {dag.py:3211} INFO - Sync 1 DAGs
[2024-12-13T00:35:49.916+0000] {logging_mixin.py:190} INFO - [2024-12-13T00:35:49.915+0000] {dag.py:4138} INFO - Setting next_dagrun for amazon_csv_merger to 2024-12-12 00:00:00+00:00, run_after=2024-12-19 00:00:00+00:00
[2024-12-13T00:35:49.950+0000] {processor.py:208} INFO - Processing /opt/airflow/dags/MergeFile.py took 0.336 seconds
[2024-12-13T00:36:21.862+0000] {processor.py:186} INFO - Started process (PID=118) to work on /opt/airflow/dags/MergeFile.py
[2024-12-13T00:36:21.863+0000] {processor.py:914} INFO - Processing file /opt/airflow/dags/MergeFile.py for tasks to queue
[2024-12-13T00:36:21.865+0000] {logging_mixin.py:190} INFO - [2024-12-13T00:36:21.864+0000] {dagbag.py:587} INFO - Filling up the DagBag from /opt/airflow/dags/MergeFile.py
[2024-12-13T00:36:22.113+0000] {processor.py:925} INFO - DAG(s) 'amazon_csv_merger' retrieved from /opt/airflow/dags/MergeFile.py
[2024-12-13T00:36:22.135+0000] {logging_mixin.py:190} INFO - [2024-12-13T00:36:22.134+0000] {dag.py:3211} INFO - Sync 1 DAGs
[2024-12-13T00:36:22.156+0000] {logging_mixin.py:190} INFO - [2024-12-13T00:36:22.156+0000] {dag.py:4138} INFO - Setting next_dagrun for amazon_csv_merger to 2024-12-12 00:00:00+00:00, run_after=2024-12-19 00:00:00+00:00
[2024-12-13T00:36:22.200+0000] {processor.py:208} INFO - Processing /opt/airflow/dags/MergeFile.py took 0.342 seconds
[2024-12-13T00:36:52.674+0000] {processor.py:186} INFO - Started process (PID=130) to work on /opt/airflow/dags/MergeFile.py
[2024-12-13T00:36:52.675+0000] {processor.py:914} INFO - Processing file /opt/airflow/dags/MergeFile.py for tasks to queue
[2024-12-13T00:36:52.678+0000] {logging_mixin.py:190} INFO - [2024-12-13T00:36:52.677+0000] {dagbag.py:587} INFO - Filling up the DagBag from /opt/airflow/dags/MergeFile.py
[2024-12-13T00:36:52.937+0000] {processor.py:925} INFO - DAG(s) 'amazon_csv_merger' retrieved from /opt/airflow/dags/MergeFile.py
[2024-12-13T00:36:52.957+0000] {logging_mixin.py:190} INFO - [2024-12-13T00:36:52.957+0000] {dag.py:3211} INFO - Sync 1 DAGs
[2024-12-13T00:36:52.976+0000] {logging_mixin.py:190} INFO - [2024-12-13T00:36:52.975+0000] {dag.py:4138} INFO - Setting next_dagrun for amazon_csv_merger to 2024-12-12 00:00:00+00:00, run_after=2024-12-19 00:00:00+00:00
[2024-12-13T00:36:53.010+0000] {processor.py:208} INFO - Processing /opt/airflow/dags/MergeFile.py took 0.340 seconds
[2024-12-13T00:37:23.233+0000] {processor.py:186} INFO - Started process (PID=142) to work on /opt/airflow/dags/MergeFile.py
[2024-12-13T00:37:23.234+0000] {processor.py:914} INFO - Processing file /opt/airflow/dags/MergeFile.py for tasks to queue
[2024-12-13T00:37:23.236+0000] {logging_mixin.py:190} INFO - [2024-12-13T00:37:23.236+0000] {dagbag.py:587} INFO - Filling up the DagBag from /opt/airflow/dags/MergeFile.py
[2024-12-13T00:37:23.542+0000] {processor.py:925} INFO - DAG(s) 'amazon_csv_merger' retrieved from /opt/airflow/dags/MergeFile.py
[2024-12-13T00:37:23.569+0000] {logging_mixin.py:190} INFO - [2024-12-13T00:37:23.569+0000] {dag.py:3211} INFO - Sync 1 DAGs
[2024-12-13T00:37:23.590+0000] {logging_mixin.py:190} INFO - [2024-12-13T00:37:23.590+0000] {dag.py:4138} INFO - Setting next_dagrun for amazon_csv_merger to 2024-12-12 00:00:00+00:00, run_after=2024-12-19 00:00:00+00:00
[2024-12-13T00:37:23.628+0000] {processor.py:208} INFO - Processing /opt/airflow/dags/MergeFile.py took 0.399 seconds
[2024-12-13T00:37:53.926+0000] {processor.py:186} INFO - Started process (PID=154) to work on /opt/airflow/dags/MergeFile.py
[2024-12-13T00:37:53.927+0000] {processor.py:914} INFO - Processing file /opt/airflow/dags/MergeFile.py for tasks to queue
[2024-12-13T00:37:53.929+0000] {logging_mixin.py:190} INFO - [2024-12-13T00:37:53.929+0000] {dagbag.py:587} INFO - Filling up the DagBag from /opt/airflow/dags/MergeFile.py
[2024-12-13T00:37:54.190+0000] {processor.py:925} INFO - DAG(s) 'amazon_csv_merger' retrieved from /opt/airflow/dags/MergeFile.py
[2024-12-13T00:37:54.219+0000] {logging_mixin.py:190} INFO - [2024-12-13T00:37:54.218+0000] {dag.py:3211} INFO - Sync 1 DAGs
[2024-12-13T00:37:54.252+0000] {logging_mixin.py:190} INFO - [2024-12-13T00:37:54.252+0000] {dag.py:4138} INFO - Setting next_dagrun for amazon_csv_merger to 2024-12-12 00:00:00+00:00, run_after=2024-12-19 00:00:00+00:00
[2024-12-13T00:37:54.436+0000] {processor.py:208} INFO - Processing /opt/airflow/dags/MergeFile.py took 0.514 seconds
[2024-12-13T00:38:24.757+0000] {processor.py:186} INFO - Started process (PID=166) to work on /opt/airflow/dags/MergeFile.py
[2024-12-13T00:38:24.758+0000] {processor.py:914} INFO - Processing file /opt/airflow/dags/MergeFile.py for tasks to queue
[2024-12-13T00:38:24.760+0000] {logging_mixin.py:190} INFO - [2024-12-13T00:38:24.760+0000] {dagbag.py:587} INFO - Filling up the DagBag from /opt/airflow/dags/MergeFile.py
[2024-12-13T00:38:25.003+0000] {processor.py:925} INFO - DAG(s) 'amazon_csv_merger' retrieved from /opt/airflow/dags/MergeFile.py
[2024-12-13T00:38:25.026+0000] {logging_mixin.py:190} INFO - [2024-12-13T00:38:25.026+0000] {dag.py:3211} INFO - Sync 1 DAGs
[2024-12-13T00:38:25.166+0000] {logging_mixin.py:190} INFO - [2024-12-13T00:38:25.165+0000] {dag.py:4138} INFO - Setting next_dagrun for amazon_csv_merger to 2024-12-12 00:00:00+00:00, run_after=2024-12-19 00:00:00+00:00
[2024-12-13T00:38:25.200+0000] {processor.py:208} INFO - Processing /opt/airflow/dags/MergeFile.py took 0.447 seconds
[2024-12-13T00:38:56.994+0000] {processor.py:186} INFO - Started process (PID=178) to work on /opt/airflow/dags/MergeFile.py
[2024-12-13T00:38:56.994+0000] {processor.py:914} INFO - Processing file /opt/airflow/dags/MergeFile.py for tasks to queue
[2024-12-13T00:38:56.996+0000] {logging_mixin.py:190} INFO - [2024-12-13T00:38:56.996+0000] {dagbag.py:587} INFO - Filling up the DagBag from /opt/airflow/dags/MergeFile.py
[2024-12-13T00:38:57.355+0000] {processor.py:925} INFO - DAG(s) 'amazon_csv_merger' retrieved from /opt/airflow/dags/MergeFile.py
[2024-12-13T00:38:57.375+0000] {logging_mixin.py:190} INFO - [2024-12-13T00:38:57.375+0000] {dag.py:3211} INFO - Sync 1 DAGs
[2024-12-13T00:38:57.391+0000] {logging_mixin.py:190} INFO - [2024-12-13T00:38:57.391+0000] {dag.py:4138} INFO - Setting next_dagrun for amazon_csv_merger to 2024-12-12 00:00:00+00:00, run_after=2024-12-19 00:00:00+00:00
[2024-12-13T00:38:57.424+0000] {processor.py:208} INFO - Processing /opt/airflow/dags/MergeFile.py took 0.435 seconds
[2024-12-13T00:39:27.837+0000] {processor.py:186} INFO - Started process (PID=190) to work on /opt/airflow/dags/MergeFile.py
[2024-12-13T00:39:27.838+0000] {processor.py:914} INFO - Processing file /opt/airflow/dags/MergeFile.py for tasks to queue
[2024-12-13T00:39:27.839+0000] {logging_mixin.py:190} INFO - [2024-12-13T00:39:27.839+0000] {dagbag.py:587} INFO - Filling up the DagBag from /opt/airflow/dags/MergeFile.py
[2024-12-13T00:39:28.211+0000] {processor.py:925} INFO - DAG(s) 'amazon_csv_merger' retrieved from /opt/airflow/dags/MergeFile.py
[2024-12-13T00:39:28.234+0000] {logging_mixin.py:190} INFO - [2024-12-13T00:39:28.234+0000] {dag.py:3211} INFO - Sync 1 DAGs
[2024-12-13T00:39:28.257+0000] {logging_mixin.py:190} INFO - [2024-12-13T00:39:28.256+0000] {dag.py:4138} INFO - Setting next_dagrun for amazon_csv_merger to 2024-12-12 00:00:00+00:00, run_after=2024-12-19 00:00:00+00:00
[2024-12-13T00:39:28.293+0000] {processor.py:208} INFO - Processing /opt/airflow/dags/MergeFile.py took 0.461 seconds
[2024-12-13T00:39:58.504+0000] {processor.py:186} INFO - Started process (PID=202) to work on /opt/airflow/dags/MergeFile.py
[2024-12-13T00:39:58.505+0000] {processor.py:914} INFO - Processing file /opt/airflow/dags/MergeFile.py for tasks to queue
[2024-12-13T00:39:58.507+0000] {logging_mixin.py:190} INFO - [2024-12-13T00:39:58.506+0000] {dagbag.py:587} INFO - Filling up the DagBag from /opt/airflow/dags/MergeFile.py
[2024-12-13T00:39:58.861+0000] {processor.py:925} INFO - DAG(s) 'amazon_csv_merger' retrieved from /opt/airflow/dags/MergeFile.py
[2024-12-13T00:39:58.878+0000] {logging_mixin.py:190} INFO - [2024-12-13T00:39:58.878+0000] {dag.py:3211} INFO - Sync 1 DAGs
[2024-12-13T00:39:58.895+0000] {logging_mixin.py:190} INFO - [2024-12-13T00:39:58.895+0000] {dag.py:4138} INFO - Setting next_dagrun for amazon_csv_merger to 2024-12-12 00:00:00+00:00, run_after=2024-12-19 00:00:00+00:00
[2024-12-13T00:39:58.931+0000] {processor.py:208} INFO - Processing /opt/airflow/dags/MergeFile.py took 0.431 seconds
[2024-12-13T00:40:34.093+0000] {processor.py:186} INFO - Started process (PID=69) to work on /opt/airflow/dags/MergeFile.py
[2024-12-13T00:40:34.094+0000] {processor.py:914} INFO - Processing file /opt/airflow/dags/MergeFile.py for tasks to queue
[2024-12-13T00:40:34.096+0000] {logging_mixin.py:190} INFO - [2024-12-13T00:40:34.095+0000] {dagbag.py:587} INFO - Filling up the DagBag from /opt/airflow/dags/MergeFile.py
[2024-12-13T00:40:34.368+0000] {processor.py:925} INFO - DAG(s) 'amazon_csv_merger' retrieved from /opt/airflow/dags/MergeFile.py
[2024-12-13T00:40:34.387+0000] {logging_mixin.py:190} INFO - [2024-12-13T00:40:34.387+0000] {dag.py:3211} INFO - Sync 1 DAGs
[2024-12-13T00:40:34.408+0000] {logging_mixin.py:190} INFO - [2024-12-13T00:40:34.407+0000] {dag.py:4138} INFO - Setting next_dagrun for amazon_csv_merger to 2024-12-12 00:00:00+00:00, run_after=2024-12-19 00:00:00+00:00
[2024-12-13T00:40:34.451+0000] {processor.py:208} INFO - Processing /opt/airflow/dags/MergeFile.py took 0.362 seconds
[2024-12-13T00:41:05.868+0000] {processor.py:186} INFO - Started process (PID=81) to work on /opt/airflow/dags/MergeFile.py
[2024-12-13T00:41:05.869+0000] {processor.py:914} INFO - Processing file /opt/airflow/dags/MergeFile.py for tasks to queue
[2024-12-13T00:41:05.871+0000] {logging_mixin.py:190} INFO - [2024-12-13T00:41:05.871+0000] {dagbag.py:587} INFO - Filling up the DagBag from /opt/airflow/dags/MergeFile.py
[2024-12-13T00:41:06.107+0000] {processor.py:925} INFO - DAG(s) 'amazon_csv_merger' retrieved from /opt/airflow/dags/MergeFile.py
[2024-12-13T00:41:06.129+0000] {logging_mixin.py:190} INFO - [2024-12-13T00:41:06.129+0000] {dag.py:3211} INFO - Sync 1 DAGs
[2024-12-13T00:41:06.149+0000] {logging_mixin.py:190} INFO - [2024-12-13T00:41:06.148+0000] {dag.py:4138} INFO - Setting next_dagrun for amazon_csv_merger to 2024-12-12 00:00:00+00:00, run_after=2024-12-19 00:00:00+00:00
[2024-12-13T00:41:06.183+0000] {processor.py:208} INFO - Processing /opt/airflow/dags/MergeFile.py took 0.319 seconds
[2024-12-13T00:41:43.045+0000] {processor.py:186} INFO - Started process (PID=71) to work on /opt/airflow/dags/MergeFile.py
[2024-12-13T00:41:43.046+0000] {processor.py:914} INFO - Processing file /opt/airflow/dags/MergeFile.py for tasks to queue
[2024-12-13T00:41:43.048+0000] {logging_mixin.py:190} INFO - [2024-12-13T00:41:43.048+0000] {dagbag.py:587} INFO - Filling up the DagBag from /opt/airflow/dags/MergeFile.py
[2024-12-13T00:41:43.415+0000] {processor.py:925} INFO - DAG(s) 'amazon_csv_merger' retrieved from /opt/airflow/dags/MergeFile.py
[2024-12-13T00:41:43.440+0000] {logging_mixin.py:190} INFO - [2024-12-13T00:41:43.439+0000] {dag.py:3211} INFO - Sync 1 DAGs
[2024-12-13T00:41:43.463+0000] {logging_mixin.py:190} INFO - [2024-12-13T00:41:43.463+0000] {dag.py:4138} INFO - Setting next_dagrun for amazon_csv_merger to 2024-12-12 00:00:00+00:00, run_after=2024-12-19 00:00:00+00:00
[2024-12-13T00:41:43.508+0000] {processor.py:208} INFO - Processing /opt/airflow/dags/MergeFile.py took 0.468 seconds
[2024-12-13T00:42:14.927+0000] {processor.py:186} INFO - Started process (PID=92) to work on /opt/airflow/dags/MergeFile.py
[2024-12-13T00:42:14.927+0000] {processor.py:914} INFO - Processing file /opt/airflow/dags/MergeFile.py for tasks to queue
[2024-12-13T00:42:14.930+0000] {logging_mixin.py:190} INFO - [2024-12-13T00:42:14.929+0000] {dagbag.py:587} INFO - Filling up the DagBag from /opt/airflow/dags/MergeFile.py
[2024-12-13T00:42:15.243+0000] {processor.py:925} INFO - DAG(s) 'amazon_csv_merger' retrieved from /opt/airflow/dags/MergeFile.py
[2024-12-13T00:42:15.270+0000] {logging_mixin.py:190} INFO - [2024-12-13T00:42:15.270+0000] {dag.py:3211} INFO - Sync 1 DAGs
[2024-12-13T00:42:15.298+0000] {logging_mixin.py:190} INFO - [2024-12-13T00:42:15.298+0000] {dag.py:4138} INFO - Setting next_dagrun for amazon_csv_merger to 2024-12-12 00:00:00+00:00, run_after=2024-12-19 00:00:00+00:00
[2024-12-13T00:42:15.348+0000] {processor.py:208} INFO - Processing /opt/airflow/dags/MergeFile.py took 0.426 seconds
[2024-12-13T00:42:53.917+0000] {processor.py:186} INFO - Started process (PID=106) to work on /opt/airflow/dags/MergeFile.py
[2024-12-13T00:42:53.919+0000] {processor.py:914} INFO - Processing file /opt/airflow/dags/MergeFile.py for tasks to queue
[2024-12-13T00:42:53.925+0000] {logging_mixin.py:190} INFO - [2024-12-13T00:42:53.924+0000] {dagbag.py:587} INFO - Filling up the DagBag from /opt/airflow/dags/MergeFile.py
[2024-12-13T00:42:54.692+0000] {processor.py:925} INFO - DAG(s) 'amazon_csv_merger' retrieved from /opt/airflow/dags/MergeFile.py
[2024-12-13T00:42:54.786+0000] {logging_mixin.py:190} INFO - [2024-12-13T00:42:54.785+0000] {dag.py:3211} INFO - Sync 1 DAGs
[2024-12-13T00:42:54.844+0000] {logging_mixin.py:190} INFO - [2024-12-13T00:42:54.844+0000] {dag.py:4138} INFO - Setting next_dagrun for amazon_csv_merger to 2024-12-12 00:00:00+00:00, run_after=2024-12-19 00:00:00+00:00
[2024-12-13T00:42:54.971+0000] {processor.py:208} INFO - Processing /opt/airflow/dags/MergeFile.py took 1.070 seconds
[2024-12-13T00:43:26.383+0000] {processor.py:186} INFO - Started process (PID=120) to work on /opt/airflow/dags/MergeFile.py
[2024-12-13T00:43:26.387+0000] {processor.py:914} INFO - Processing file /opt/airflow/dags/MergeFile.py for tasks to queue
[2024-12-13T00:43:26.402+0000] {logging_mixin.py:190} INFO - [2024-12-13T00:43:26.400+0000] {dagbag.py:587} INFO - Filling up the DagBag from /opt/airflow/dags/MergeFile.py
[2024-12-13T00:43:27.477+0000] {processor.py:925} INFO - DAG(s) 'amazon_csv_merger' retrieved from /opt/airflow/dags/MergeFile.py
[2024-12-13T00:43:27.549+0000] {logging_mixin.py:190} INFO - [2024-12-13T00:43:27.548+0000] {dag.py:3211} INFO - Sync 1 DAGs
[2024-12-13T00:43:27.620+0000] {logging_mixin.py:190} INFO - [2024-12-13T00:43:27.619+0000] {dag.py:4138} INFO - Setting next_dagrun for amazon_csv_merger to 2024-12-12 00:00:00+00:00, run_after=2024-12-19 00:00:00+00:00
[2024-12-13T00:43:27.758+0000] {processor.py:208} INFO - Processing /opt/airflow/dags/MergeFile.py took 1.399 seconds
