[2024-12-10T10:06:42.496+0000] {local_task_job_runner.py:123} INFO - ::group::Pre task execution logs
[2024-12-10T10:06:42.523+0000] {taskinstance.py:2603} INFO - Dependencies all met for dep_context=non-requeueable deps ti=<TaskInstance: daily_amazon_scraper.scrape_amazon_task manual__2024-12-10T10:06:35.721349+00:00 [queued]>
[2024-12-10T10:06:42.542+0000] {taskinstance.py:2603} INFO - Dependencies all met for dep_context=requeueable deps ti=<TaskInstance: daily_amazon_scraper.scrape_amazon_task manual__2024-12-10T10:06:35.721349+00:00 [queued]>
[2024-12-10T10:06:42.543+0000] {taskinstance.py:2856} INFO - Starting attempt 1 of 2
[2024-12-10T10:06:42.593+0000] {taskinstance.py:2879} INFO - Executing <Task(PythonOperator): scrape_amazon_task> on 2024-12-10 10:06:35.721349+00:00
[2024-12-10T10:06:42.599+0000] {standard_task_runner.py:72} INFO - Started process 219 to run task
[2024-12-10T10:06:42.603+0000] {standard_task_runner.py:104} INFO - Running: ['airflow', 'tasks', 'run', 'daily_amazon_scraper', 'scrape_amazon_task', 'manual__2024-12-10T10:06:35.721349+00:00', '--job-id', '10', '--raw', '--subdir', 'DAGS_FOLDER/AmazonAirflow.py', '--cfg-path', '/tmp/tmppktp832w']
[2024-12-10T10:06:42.608+0000] {standard_task_runner.py:105} INFO - Job 10: Subtask scrape_amazon_task
[2024-12-10T10:06:42.743+0000] {task_command.py:467} INFO - Running <TaskInstance: daily_amazon_scraper.scrape_amazon_task manual__2024-12-10T10:06:35.721349+00:00 [running]> on host c4677346330b
[2024-12-10T10:06:42.926+0000] {taskinstance.py:3122} INFO - Exporting env vars: AIRFLOW_CTX_DAG_OWNER='airflow' AIRFLOW_CTX_DAG_ID='daily_amazon_scraper' AIRFLOW_CTX_TASK_ID='scrape_amazon_task' AIRFLOW_CTX_EXECUTION_DATE='2024-12-10T10:06:35.721349+00:00' AIRFLOW_CTX_TRY_NUMBER='1' AIRFLOW_CTX_DAG_RUN_ID='manual__2024-12-10T10:06:35.721349+00:00'
[2024-12-10T10:06:42.928+0000] {taskinstance.py:731} INFO - ::endgroup::
[2024-12-10T10:06:42.950+0000] {logging_mixin.py:190} INFO - Scraping page 1 with URL: https://www.amazon.com/s?i=computers-intl-ship&srs=16225007011&rh=n%3A16225007011&s=popularity-rank&fs=true&ref=lp_16225007011_sar&page=1
[2024-12-10T10:06:44.795+0000] {logging_mixin.py:190} INFO - Waiting for 5.36 seconds...
[2024-12-10T10:06:50.158+0000] {logging_mixin.py:190} INFO - Scraping page 2 with URL: https://www.amazon.com/s?i=computers-intl-ship&srs=16225007011&rh=n%3A16225007011&s=popularity-rank&fs=true&ref=lp_16225007011_sar&page=2
[2024-12-10T10:06:51.667+0000] {logging_mixin.py:190} INFO - Waiting for 5.80 seconds...
[2024-12-10T10:06:57.470+0000] {logging_mixin.py:190} INFO - Scraping page 3 with URL: https://www.amazon.com/s?i=computers-intl-ship&srs=16225007011&rh=n%3A16225007011&s=popularity-rank&fs=true&ref=lp_16225007011_sar&page=3
[2024-12-10T10:06:59.475+0000] {logging_mixin.py:190} INFO - Waiting for 5.76 seconds...
[2024-12-10T10:07:05.245+0000] {logging_mixin.py:190} INFO - Scraping completed. Total products scraped: 87
[2024-12-10T10:07:05.246+0000] {python.py:240} INFO - Done. Returned value was:    title    price  ...  reviews                  purchases
0                  ...                                    
1         $149.00  ...    7,336  10K+ bought in past month
2          $69.99  ...  261,749  10K+ bought in past month
3         $169.86  ...   10,186  10K+ bought in past month
4                  ...                                    
..   ...      ...  ...      ...                        ...
82        $449.97  ...       59   4K+ bought in past month
83         $18.49  ...  320,231  10K+ bought in past month
84                 ...                                    
85                 ...                                    
86                 ...                                    

[87 rows x 7 columns]
[2024-12-10T10:07:05.314+0000] {taskinstance.py:340} INFO - ::group::Post task execution logs
[2024-12-10T10:07:05.315+0000] {taskinstance.py:352} INFO - Marking task as SUCCESS. dag_id=daily_amazon_scraper, task_id=scrape_amazon_task, run_id=manual__2024-12-10T10:06:35.721349+00:00, execution_date=20241210T100635, start_date=20241210T100642, end_date=20241210T100705
[2024-12-10T10:07:05.368+0000] {local_task_job_runner.py:261} INFO - Task exited with return code 0
[2024-12-10T10:07:05.387+0000] {taskinstance.py:3891} INFO - 0 downstream tasks scheduled from follow-on schedule check
[2024-12-10T10:07:05.390+0000] {local_task_job_runner.py:240} INFO - ::endgroup::
