[2024-12-10T09:53:52.728+0000] {local_task_job_runner.py:123} INFO - ::group::Pre task execution logs
[2024-12-10T09:53:52.744+0000] {taskinstance.py:2603} INFO - Dependencies all met for dep_context=non-requeueable deps ti=<TaskInstance: daily_amazon_scraper.scrape_amazon_task manual__2024-12-10T09:53:48.019148+00:00 [queued]>
[2024-12-10T09:53:52.752+0000] {taskinstance.py:2603} INFO - Dependencies all met for dep_context=requeueable deps ti=<TaskInstance: daily_amazon_scraper.scrape_amazon_task manual__2024-12-10T09:53:48.019148+00:00 [queued]>
[2024-12-10T09:53:52.753+0000] {taskinstance.py:2856} INFO - Starting attempt 1 of 2
[2024-12-10T09:53:52.777+0000] {taskinstance.py:2879} INFO - Executing <Task(PythonOperator): scrape_amazon_task> on 2024-12-10 09:53:48.019148+00:00
[2024-12-10T09:53:52.782+0000] {standard_task_runner.py:72} INFO - Started process 160 to run task
[2024-12-10T09:53:52.785+0000] {standard_task_runner.py:104} INFO - Running: ['airflow', 'tasks', 'run', 'daily_amazon_scraper', 'scrape_amazon_task', 'manual__2024-12-10T09:53:48.019148+00:00', '--job-id', '9', '--raw', '--subdir', 'DAGS_FOLDER/AmazonAirflow.py', '--cfg-path', '/tmp/tmpznovg0rg']
[2024-12-10T09:53:52.787+0000] {standard_task_runner.py:105} INFO - Job 9: Subtask scrape_amazon_task
[2024-12-10T09:53:52.846+0000] {task_command.py:467} INFO - Running <TaskInstance: daily_amazon_scraper.scrape_amazon_task manual__2024-12-10T09:53:48.019148+00:00 [running]> on host c4677346330b
[2024-12-10T09:53:52.961+0000] {taskinstance.py:3122} INFO - Exporting env vars: AIRFLOW_CTX_DAG_OWNER='airflow' AIRFLOW_CTX_DAG_ID='daily_amazon_scraper' AIRFLOW_CTX_TASK_ID='scrape_amazon_task' AIRFLOW_CTX_EXECUTION_DATE='2024-12-10T09:53:48.019148+00:00' AIRFLOW_CTX_TRY_NUMBER='1' AIRFLOW_CTX_DAG_RUN_ID='manual__2024-12-10T09:53:48.019148+00:00'
[2024-12-10T09:53:52.963+0000] {taskinstance.py:731} INFO - ::endgroup::
[2024-12-10T09:53:52.978+0000] {logging_mixin.py:190} INFO - Scraping page 1 with URL: https://www.amazon.com/s?i=computers-intl-ship&srs=16225007011&rh=n%3A16225007011&s=popularity-rank&fs=true&ref=lp_16225007011_sar&page=1
[2024-12-10T09:53:56.120+0000] {logging_mixin.py:190} INFO - Waiting for 4.74 seconds...
[2024-12-10T09:54:00.857+0000] {logging_mixin.py:190} INFO - Scraping page 2 with URL: https://www.amazon.com/s?i=computers-intl-ship&srs=16225007011&rh=n%3A16225007011&s=popularity-rank&fs=true&ref=lp_16225007011_sar&page=2
[2024-12-10T09:54:02.185+0000] {logging_mixin.py:190} INFO - Waiting for 5.33 seconds...
[2024-12-10T09:54:07.518+0000] {logging_mixin.py:190} INFO - Scraping page 3 with URL: https://www.amazon.com/s?i=computers-intl-ship&srs=16225007011&rh=n%3A16225007011&s=popularity-rank&fs=true&ref=lp_16225007011_sar&page=3
[2024-12-10T09:54:09.781+0000] {logging_mixin.py:190} INFO - Waiting for 6.15 seconds...
[2024-12-10T09:54:15.934+0000] {logging_mixin.py:190} INFO - Scraping completed. Total products scraped: 87
[2024-12-10T09:54:15.935+0000] {python.py:240} INFO - Done. Returned value was:    title    price  ...  reviews                  purchases
0                  ...                                    
1         $149.00  ...    7,335  10K+ bought in past month
2          $69.99  ...  261,750  10K+ bought in past month
3         $169.86  ...   10,185  10K+ bought in past month
4                  ...                                    
..   ...      ...  ...      ...                        ...
82        $449.97  ...       59   4K+ bought in past month
83         $18.49  ...  320,231  10K+ bought in past month
84                 ...                                    
85                 ...                                    
86                 ...                                    

[87 rows x 7 columns]
[2024-12-10T09:54:16.052+0000] {taskinstance.py:340} INFO - ::group::Post task execution logs
[2024-12-10T09:54:16.053+0000] {taskinstance.py:352} INFO - Marking task as SUCCESS. dag_id=daily_amazon_scraper, task_id=scrape_amazon_task, run_id=manual__2024-12-10T09:53:48.019148+00:00, execution_date=20241210T095348, start_date=20241210T095352, end_date=20241210T095416
[2024-12-10T09:54:16.088+0000] {local_task_job_runner.py:261} INFO - Task exited with return code 0
[2024-12-10T09:54:16.106+0000] {taskinstance.py:3891} INFO - 0 downstream tasks scheduled from follow-on schedule check
[2024-12-10T09:54:16.114+0000] {local_task_job_runner.py:240} INFO - ::endgroup::
