[2024-12-10T14:41:54.705+0000] {local_task_job_runner.py:123} INFO - ::group::Pre task execution logs
[2024-12-10T14:41:54.743+0000] {taskinstance.py:2603} INFO - Dependencies all met for dep_context=non-requeueable deps ti=<TaskInstance: amazon_product_scraper.scrape_amazon_products manual__2024-12-10T14:41:48.811612+00:00 [queued]>
[2024-12-10T14:41:54.768+0000] {taskinstance.py:2603} INFO - Dependencies all met for dep_context=requeueable deps ti=<TaskInstance: amazon_product_scraper.scrape_amazon_products manual__2024-12-10T14:41:48.811612+00:00 [queued]>
[2024-12-10T14:41:54.770+0000] {taskinstance.py:2856} INFO - Starting attempt 1 of 2
[2024-12-10T14:41:54.840+0000] {taskinstance.py:2879} INFO - Executing <Task(PythonOperator): scrape_amazon_products> on 2024-12-10 14:41:48.811612+00:00
[2024-12-10T14:41:54.851+0000] {standard_task_runner.py:72} INFO - Started process 85 to run task
[2024-12-10T14:41:54.859+0000] {standard_task_runner.py:104} INFO - Running: ['airflow', 'tasks', 'run', 'amazon_product_scraper', 'scrape_amazon_products', 'manual__2024-12-10T14:41:48.811612+00:00', '--job-id', '13', '--raw', '--subdir', 'DAGS_FOLDER/AmazonAirflow.py', '--cfg-path', '/tmp/tmpnzlf2umf']
[2024-12-10T14:41:54.865+0000] {standard_task_runner.py:105} INFO - Job 13: Subtask scrape_amazon_products
[2024-12-10T14:41:55.028+0000] {task_command.py:467} INFO - Running <TaskInstance: amazon_product_scraper.scrape_amazon_products manual__2024-12-10T14:41:48.811612+00:00 [running]> on host c4677346330b
[2024-12-10T14:41:55.269+0000] {taskinstance.py:3122} INFO - Exporting env vars: AIRFLOW_CTX_DAG_OWNER='airflow' AIRFLOW_CTX_DAG_ID='amazon_product_scraper' AIRFLOW_CTX_TASK_ID='scrape_amazon_products' AIRFLOW_CTX_EXECUTION_DATE='2024-12-10T14:41:48.811612+00:00' AIRFLOW_CTX_TRY_NUMBER='1' AIRFLOW_CTX_DAG_RUN_ID='manual__2024-12-10T14:41:48.811612+00:00'
[2024-12-10T14:41:55.274+0000] {taskinstance.py:731} INFO - ::endgroup::
[2024-12-10T14:41:55.327+0000] {logging_mixin.py:190} INFO - Đang crawl trang 1 - URL: https://www.amazon.com/s?i=computers-intl-ship&srs=16225007011&rh=n%3A16225007011&s=popularity-rank&fs=true&ref=lp_16225007011_sar&page=1
[2024-12-10T14:43:07.110+0000] {logging_mixin.py:190} INFO - Chờ 3.13 giây trước khi crawl trang tiếp theo...
[2024-12-10T14:43:10.237+0000] {logging_mixin.py:190} INFO - Đang crawl trang 2 - URL: https://www.amazon.com/s?i=computers-intl-ship&srs=16225007011&rh=n%3A16225007011&s=popularity-rank&fs=true&ref=lp_16225007011_sar&page=2
[2024-12-10T14:44:27.627+0000] {logging_mixin.py:190} INFO - Chờ 3.71 giây trước khi crawl trang tiếp theo...
[2024-12-10T14:44:31.337+0000] {logging_mixin.py:190} INFO - Đang crawl trang 3 - URL: https://www.amazon.com/s?i=computers-intl-ship&srs=16225007011&rh=n%3A16225007011&s=popularity-rank&fs=true&ref=lp_16225007011_sar&page=3
[2024-12-10T14:45:45.132+0000] {logging_mixin.py:190} INFO - Chờ 6.20 giây trước khi crawl trang tiếp theo...
[2024-12-10T14:45:51.334+0000] {logging_mixin.py:190} INFO - Đang crawl trang 4 - URL: https://www.amazon.com/s?i=computers-intl-ship&srs=16225007011&rh=n%3A16225007011&s=popularity-rank&fs=true&ref=lp_16225007011_sar&page=4
[2024-12-10T14:46:58.790+0000] {logging_mixin.py:190} INFO - Chờ 3.65 giây trước khi crawl trang tiếp theo...
[2024-12-10T14:47:02.442+0000] {logging_mixin.py:190} INFO - Đang crawl trang 5 - URL: https://www.amazon.com/s?i=computers-intl-ship&srs=16225007011&rh=n%3A16225007011&s=popularity-rank&fs=true&ref=lp_16225007011_sar&page=5
[2024-12-10T14:48:24.626+0000] {logging_mixin.py:190} INFO - Chờ 3.94 giây trước khi crawl trang tiếp theo...
[2024-12-10T14:48:28.571+0000] {logging_mixin.py:190} INFO - Đang crawl trang 6 - URL: https://www.amazon.com/s?i=computers-intl-ship&srs=16225007011&rh=n%3A16225007011&s=popularity-rank&fs=true&ref=lp_16225007011_sar&page=6
[2024-12-10T14:48:28.854+0000] {logging_mixin.py:190} INFO - Không thể tải trang 6. Mã trạng thái: 503
[2024-12-10T14:48:28.891+0000] {logging_mixin.py:190} INFO - Hoàn thành crawl. Tổng sản phẩm: 140
[2024-12-10T14:48:28.892+0000] {logging_mixin.py:190} INFO - Dữ liệu đã được lưu tại: /opt/airflow/data/amazon_scraper/amazon_data_20241210_144828.csv
[2024-12-10T14:48:28.893+0000] {logging_mixin.py:190} INFO - Chi tiết sản phẩm đã được lưu tại: /opt/airflow/data/amazon_scraper/amazon_product_details_20241210_144828.json
[2024-12-10T14:48:28.894+0000] {python.py:240} INFO - Done. Returned value was:     title  ...                                    product_details
0          ...                                                 {}
1          ...  {'Brand': 'SAMSUNG', 'Model Name': 'A9+', 'Mem...
2          ...  {'Digital Storage Capacity': '2 TB', 'Hard Dis...
3          ...  {'Digital Storage Capacity': '2 TB', 'Hard Dis...
4          ...                                                 {}
..    ...  ...                                                ...
135        ...  {'Mounting Type': 'C Clamp/ Grommet Mounting',...
136        ...  {'Brand': 'HP', 'Model Name': 'HP Laptop', 'Sc...
137        ...  {'Brand': 'HP', 'Color': 'Black', 'Item Weight...
138        ...                                                 {}
139        ...                                                 {}

[140 rows x 8 columns]
[2024-12-10T14:48:29.025+0000] {taskinstance.py:340} INFO - ::group::Post task execution logs
[2024-12-10T14:48:29.025+0000] {taskinstance.py:352} INFO - Marking task as SUCCESS. dag_id=amazon_product_scraper, task_id=scrape_amazon_products, run_id=manual__2024-12-10T14:41:48.811612+00:00, execution_date=20241210T144148, start_date=20241210T144154, end_date=20241210T144829
[2024-12-10T14:48:29.079+0000] {local_task_job_runner.py:261} INFO - Task exited with return code 0
[2024-12-10T14:48:29.095+0000] {taskinstance.py:3891} INFO - 0 downstream tasks scheduled from follow-on schedule check
[2024-12-10T14:48:29.096+0000] {local_task_job_runner.py:240} INFO - ::endgroup::
