[2024-11-11T12:34:32.076+0000] {processor.py:186} INFO - Started process (PID=72) to work on /opt/airflow/dags/AmazonAirflow.py
[2024-11-11T12:34:32.077+0000] {processor.py:914} INFO - Processing file /opt/airflow/dags/AmazonAirflow.py for tasks to queue
[2024-11-11T12:34:32.080+0000] {logging_mixin.py:190} INFO - [2024-11-11T12:34:32.079+0000] {dagbag.py:587} INFO - Filling up the DagBag from /opt/airflow/dags/AmazonAirflow.py
[2024-11-11T12:34:32.622+0000] {processor.py:925} INFO - DAG(s) 'daily_amazon_scraper' retrieved from /opt/airflow/dags/AmazonAirflow.py
[2024-11-11T12:34:32.917+0000] {logging_mixin.py:190} INFO - [2024-11-11T12:34:32.916+0000] {override.py:1858} INFO - Created Permission View: can delete on DAG:daily_amazon_scraper
[2024-11-11T12:34:32.936+0000] {logging_mixin.py:190} INFO - [2024-11-11T12:34:32.935+0000] {override.py:1858} INFO - Created Permission View: can read on DAG:daily_amazon_scraper
[2024-11-11T12:34:32.953+0000] {logging_mixin.py:190} INFO - [2024-11-11T12:34:32.952+0000] {override.py:1858} INFO - Created Permission View: can edit on DAG:daily_amazon_scraper
[2024-11-11T12:34:32.953+0000] {logging_mixin.py:190} INFO - [2024-11-11T12:34:32.953+0000] {dag.py:3211} INFO - Sync 1 DAGs
[2024-11-11T12:34:32.963+0000] {logging_mixin.py:190} INFO - [2024-11-11T12:34:32.963+0000] {dag.py:3234} INFO - Creating ORM DAG for daily_amazon_scraper
[2024-11-11T12:34:32.972+0000] {logging_mixin.py:190} INFO - [2024-11-11T12:34:32.971+0000] {dag.py:4138} INFO - Setting next_dagrun for daily_amazon_scraper to 2024-11-09 20:00:00+00:00, run_after=2024-11-10 20:00:00+00:00
[2024-11-11T12:34:33.008+0000] {processor.py:208} INFO - Processing /opt/airflow/dags/AmazonAirflow.py took 0.937 seconds
[2024-11-11T12:35:03.300+0000] {processor.py:186} INFO - Started process (PID=74) to work on /opt/airflow/dags/AmazonAirflow.py
[2024-11-11T12:35:03.301+0000] {processor.py:914} INFO - Processing file /opt/airflow/dags/AmazonAirflow.py for tasks to queue
[2024-11-11T12:35:03.303+0000] {logging_mixin.py:190} INFO - [2024-11-11T12:35:03.303+0000] {dagbag.py:587} INFO - Filling up the DagBag from /opt/airflow/dags/AmazonAirflow.py
[2024-11-11T12:35:03.586+0000] {processor.py:925} INFO - DAG(s) 'daily_amazon_scraper' retrieved from /opt/airflow/dags/AmazonAirflow.py
[2024-11-11T12:35:03.606+0000] {logging_mixin.py:190} INFO - [2024-11-11T12:35:03.606+0000] {dag.py:3211} INFO - Sync 1 DAGs
[2024-11-11T12:35:03.745+0000] {logging_mixin.py:190} INFO - [2024-11-11T12:35:03.745+0000] {dag.py:4138} INFO - Setting next_dagrun for daily_amazon_scraper to 2024-11-09 20:00:00+00:00, run_after=2024-11-10 20:00:00+00:00
[2024-11-11T12:35:03.780+0000] {processor.py:208} INFO - Processing /opt/airflow/dags/AmazonAirflow.py took 0.484 seconds
[2024-11-11T12:35:34.004+0000] {processor.py:186} INFO - Started process (PID=76) to work on /opt/airflow/dags/AmazonAirflow.py
[2024-11-11T12:35:34.005+0000] {processor.py:914} INFO - Processing file /opt/airflow/dags/AmazonAirflow.py for tasks to queue
[2024-11-11T12:35:34.007+0000] {logging_mixin.py:190} INFO - [2024-11-11T12:35:34.007+0000] {dagbag.py:587} INFO - Filling up the DagBag from /opt/airflow/dags/AmazonAirflow.py
[2024-11-11T12:35:34.284+0000] {processor.py:925} INFO - DAG(s) 'daily_amazon_scraper' retrieved from /opt/airflow/dags/AmazonAirflow.py
[2024-11-11T12:35:34.304+0000] {logging_mixin.py:190} INFO - [2024-11-11T12:35:34.304+0000] {dag.py:3211} INFO - Sync 1 DAGs
[2024-11-11T12:35:34.323+0000] {logging_mixin.py:190} INFO - [2024-11-11T12:35:34.322+0000] {dag.py:4138} INFO - Setting next_dagrun for daily_amazon_scraper to 2024-11-09 20:00:00+00:00, run_after=2024-11-10 20:00:00+00:00
[2024-11-11T12:35:34.360+0000] {processor.py:208} INFO - Processing /opt/airflow/dags/AmazonAirflow.py took 0.359 seconds
[2024-11-11T12:36:04.613+0000] {processor.py:186} INFO - Started process (PID=78) to work on /opt/airflow/dags/AmazonAirflow.py
[2024-11-11T12:36:04.614+0000] {processor.py:914} INFO - Processing file /opt/airflow/dags/AmazonAirflow.py for tasks to queue
[2024-11-11T12:36:04.616+0000] {logging_mixin.py:190} INFO - [2024-11-11T12:36:04.616+0000] {dagbag.py:587} INFO - Filling up the DagBag from /opt/airflow/dags/AmazonAirflow.py
[2024-11-11T12:36:04.893+0000] {processor.py:925} INFO - DAG(s) 'daily_amazon_scraper' retrieved from /opt/airflow/dags/AmazonAirflow.py
[2024-11-11T12:36:04.915+0000] {logging_mixin.py:190} INFO - [2024-11-11T12:36:04.915+0000] {dag.py:3211} INFO - Sync 1 DAGs
[2024-11-11T12:36:04.933+0000] {logging_mixin.py:190} INFO - [2024-11-11T12:36:04.933+0000] {dag.py:4138} INFO - Setting next_dagrun for daily_amazon_scraper to 2024-11-09 20:00:00+00:00, run_after=2024-11-10 20:00:00+00:00
[2024-11-11T12:36:04.965+0000] {processor.py:208} INFO - Processing /opt/airflow/dags/AmazonAirflow.py took 0.357 seconds
[2024-11-11T12:36:35.225+0000] {processor.py:186} INFO - Started process (PID=80) to work on /opt/airflow/dags/AmazonAirflow.py
[2024-11-11T12:36:35.226+0000] {processor.py:914} INFO - Processing file /opt/airflow/dags/AmazonAirflow.py for tasks to queue
[2024-11-11T12:36:35.228+0000] {logging_mixin.py:190} INFO - [2024-11-11T12:36:35.228+0000] {dagbag.py:587} INFO - Filling up the DagBag from /opt/airflow/dags/AmazonAirflow.py
[2024-11-11T12:36:35.495+0000] {processor.py:925} INFO - DAG(s) 'daily_amazon_scraper' retrieved from /opt/airflow/dags/AmazonAirflow.py
[2024-11-11T12:36:35.519+0000] {logging_mixin.py:190} INFO - [2024-11-11T12:36:35.518+0000] {dag.py:3211} INFO - Sync 1 DAGs
[2024-11-11T12:36:35.538+0000] {logging_mixin.py:190} INFO - [2024-11-11T12:36:35.538+0000] {dag.py:4138} INFO - Setting next_dagrun for daily_amazon_scraper to 2024-11-09 20:00:00+00:00, run_after=2024-11-10 20:00:00+00:00
[2024-11-11T12:36:35.570+0000] {processor.py:208} INFO - Processing /opt/airflow/dags/AmazonAirflow.py took 0.351 seconds
[2024-11-11T12:37:05.858+0000] {processor.py:186} INFO - Started process (PID=82) to work on /opt/airflow/dags/AmazonAirflow.py
[2024-11-11T12:37:05.859+0000] {processor.py:914} INFO - Processing file /opt/airflow/dags/AmazonAirflow.py for tasks to queue
[2024-11-11T12:37:05.861+0000] {logging_mixin.py:190} INFO - [2024-11-11T12:37:05.860+0000] {dagbag.py:587} INFO - Filling up the DagBag from /opt/airflow/dags/AmazonAirflow.py
[2024-11-11T12:37:06.129+0000] {processor.py:925} INFO - DAG(s) 'daily_amazon_scraper' retrieved from /opt/airflow/dags/AmazonAirflow.py
[2024-11-11T12:37:06.152+0000] {logging_mixin.py:190} INFO - [2024-11-11T12:37:06.151+0000] {dag.py:3211} INFO - Sync 1 DAGs
[2024-11-11T12:37:06.171+0000] {logging_mixin.py:190} INFO - [2024-11-11T12:37:06.171+0000] {dag.py:4138} INFO - Setting next_dagrun for daily_amazon_scraper to 2024-11-09 20:00:00+00:00, run_after=2024-11-10 20:00:00+00:00
[2024-11-11T12:37:06.210+0000] {processor.py:208} INFO - Processing /opt/airflow/dags/AmazonAirflow.py took 0.356 seconds
[2024-11-11T12:37:36.466+0000] {processor.py:186} INFO - Started process (PID=84) to work on /opt/airflow/dags/AmazonAirflow.py
[2024-11-11T12:37:36.467+0000] {processor.py:914} INFO - Processing file /opt/airflow/dags/AmazonAirflow.py for tasks to queue
[2024-11-11T12:37:36.469+0000] {logging_mixin.py:190} INFO - [2024-11-11T12:37:36.468+0000] {dagbag.py:587} INFO - Filling up the DagBag from /opt/airflow/dags/AmazonAirflow.py
[2024-11-11T12:37:36.916+0000] {processor.py:925} INFO - DAG(s) 'daily_amazon_scraper' retrieved from /opt/airflow/dags/AmazonAirflow.py
[2024-11-11T12:37:36.937+0000] {logging_mixin.py:190} INFO - [2024-11-11T12:37:36.936+0000] {dag.py:3211} INFO - Sync 1 DAGs
[2024-11-11T12:37:37.061+0000] {logging_mixin.py:190} INFO - [2024-11-11T12:37:37.061+0000] {dag.py:4138} INFO - Setting next_dagrun for daily_amazon_scraper to 2024-11-09 20:00:00+00:00, run_after=2024-11-10 20:00:00+00:00
[2024-11-11T12:37:37.093+0000] {processor.py:208} INFO - Processing /opt/airflow/dags/AmazonAirflow.py took 0.634 seconds
[2024-11-11T12:38:07.369+0000] {processor.py:186} INFO - Started process (PID=86) to work on /opt/airflow/dags/AmazonAirflow.py
[2024-11-11T12:38:07.370+0000] {processor.py:914} INFO - Processing file /opt/airflow/dags/AmazonAirflow.py for tasks to queue
[2024-11-11T12:38:07.372+0000] {logging_mixin.py:190} INFO - [2024-11-11T12:38:07.372+0000] {dagbag.py:587} INFO - Filling up the DagBag from /opt/airflow/dags/AmazonAirflow.py
[2024-11-11T12:38:07.659+0000] {processor.py:925} INFO - DAG(s) 'daily_amazon_scraper' retrieved from /opt/airflow/dags/AmazonAirflow.py
[2024-11-11T12:38:07.684+0000] {logging_mixin.py:190} INFO - [2024-11-11T12:38:07.684+0000] {dag.py:3211} INFO - Sync 1 DAGs
[2024-11-11T12:38:07.818+0000] {logging_mixin.py:190} INFO - [2024-11-11T12:38:07.818+0000] {dag.py:4138} INFO - Setting next_dagrun for daily_amazon_scraper to 2024-11-09 20:00:00+00:00, run_after=2024-11-10 20:00:00+00:00
[2024-11-11T12:38:07.851+0000] {processor.py:208} INFO - Processing /opt/airflow/dags/AmazonAirflow.py took 0.487 seconds
[2024-11-11T12:38:38.154+0000] {processor.py:186} INFO - Started process (PID=88) to work on /opt/airflow/dags/AmazonAirflow.py
[2024-11-11T12:38:38.155+0000] {processor.py:914} INFO - Processing file /opt/airflow/dags/AmazonAirflow.py for tasks to queue
[2024-11-11T12:38:38.157+0000] {logging_mixin.py:190} INFO - [2024-11-11T12:38:38.157+0000] {dagbag.py:587} INFO - Filling up the DagBag from /opt/airflow/dags/AmazonAirflow.py
[2024-11-11T12:38:38.447+0000] {processor.py:925} INFO - DAG(s) 'daily_amazon_scraper' retrieved from /opt/airflow/dags/AmazonAirflow.py
[2024-11-11T12:38:38.471+0000] {logging_mixin.py:190} INFO - [2024-11-11T12:38:38.470+0000] {dag.py:3211} INFO - Sync 1 DAGs
[2024-11-11T12:38:38.489+0000] {logging_mixin.py:190} INFO - [2024-11-11T12:38:38.489+0000] {dag.py:4138} INFO - Setting next_dagrun for daily_amazon_scraper to 2024-11-09 20:00:00+00:00, run_after=2024-11-10 20:00:00+00:00
[2024-11-11T12:38:38.523+0000] {processor.py:208} INFO - Processing /opt/airflow/dags/AmazonAirflow.py took 0.374 seconds
[2024-11-11T12:47:22.124+0000] {processor.py:186} INFO - Started process (PID=90) to work on /opt/airflow/dags/AmazonAirflow.py
[2024-11-11T12:47:22.125+0000] {processor.py:914} INFO - Processing file /opt/airflow/dags/AmazonAirflow.py for tasks to queue
[2024-11-11T12:47:22.127+0000] {logging_mixin.py:190} INFO - [2024-11-11T12:47:22.127+0000] {dagbag.py:587} INFO - Filling up the DagBag from /opt/airflow/dags/AmazonAirflow.py
[2024-11-11T12:47:22.407+0000] {processor.py:925} INFO - DAG(s) 'daily_amazon_scraper' retrieved from /opt/airflow/dags/AmazonAirflow.py
[2024-11-11T12:47:22.431+0000] {logging_mixin.py:190} INFO - [2024-11-11T12:47:22.431+0000] {dag.py:3211} INFO - Sync 1 DAGs
[2024-11-11T12:47:22.452+0000] {logging_mixin.py:190} INFO - [2024-11-11T12:47:22.452+0000] {dag.py:4138} INFO - Setting next_dagrun for daily_amazon_scraper to 2024-11-09 20:00:00+00:00, run_after=2024-11-10 20:00:00+00:00
[2024-11-11T12:47:22.490+0000] {processor.py:208} INFO - Processing /opt/airflow/dags/AmazonAirflow.py took 0.371 seconds
[2024-11-11T12:47:53.499+0000] {processor.py:186} INFO - Started process (PID=92) to work on /opt/airflow/dags/AmazonAirflow.py
[2024-11-11T12:47:53.500+0000] {processor.py:914} INFO - Processing file /opt/airflow/dags/AmazonAirflow.py for tasks to queue
[2024-11-11T12:47:53.502+0000] {logging_mixin.py:190} INFO - [2024-11-11T12:47:53.501+0000] {dagbag.py:587} INFO - Filling up the DagBag from /opt/airflow/dags/AmazonAirflow.py
[2024-11-11T12:47:53.758+0000] {processor.py:925} INFO - DAG(s) 'daily_amazon_scraper' retrieved from /opt/airflow/dags/AmazonAirflow.py
[2024-11-11T12:47:53.777+0000] {logging_mixin.py:190} INFO - [2024-11-11T12:47:53.776+0000] {dag.py:3211} INFO - Sync 1 DAGs
[2024-11-11T12:47:53.794+0000] {logging_mixin.py:190} INFO - [2024-11-11T12:47:53.793+0000] {dag.py:4138} INFO - Setting next_dagrun for daily_amazon_scraper to 2024-11-09 20:00:00+00:00, run_after=2024-11-10 20:00:00+00:00
[2024-11-11T12:47:53.827+0000] {processor.py:208} INFO - Processing /opt/airflow/dags/AmazonAirflow.py took 0.332 seconds
[2024-11-11T12:48:24.005+0000] {processor.py:186} INFO - Started process (PID=94) to work on /opt/airflow/dags/AmazonAirflow.py
[2024-11-11T12:48:24.006+0000] {processor.py:914} INFO - Processing file /opt/airflow/dags/AmazonAirflow.py for tasks to queue
[2024-11-11T12:48:24.008+0000] {logging_mixin.py:190} INFO - [2024-11-11T12:48:24.008+0000] {dagbag.py:587} INFO - Filling up the DagBag from /opt/airflow/dags/AmazonAirflow.py
[2024-11-11T12:48:24.260+0000] {processor.py:925} INFO - DAG(s) 'daily_amazon_scraper' retrieved from /opt/airflow/dags/AmazonAirflow.py
[2024-11-11T12:48:24.282+0000] {logging_mixin.py:190} INFO - [2024-11-11T12:48:24.282+0000] {dag.py:3211} INFO - Sync 1 DAGs
[2024-11-11T12:48:24.302+0000] {logging_mixin.py:190} INFO - [2024-11-11T12:48:24.301+0000] {dag.py:4138} INFO - Setting next_dagrun for daily_amazon_scraper to 2024-11-09 20:00:00+00:00, run_after=2024-11-10 20:00:00+00:00
[2024-11-11T12:48:24.357+0000] {processor.py:208} INFO - Processing /opt/airflow/dags/AmazonAirflow.py took 0.356 seconds
[2024-11-11T12:48:54.546+0000] {processor.py:186} INFO - Started process (PID=96) to work on /opt/airflow/dags/AmazonAirflow.py
[2024-11-11T12:48:54.546+0000] {processor.py:914} INFO - Processing file /opt/airflow/dags/AmazonAirflow.py for tasks to queue
[2024-11-11T12:48:54.548+0000] {logging_mixin.py:190} INFO - [2024-11-11T12:48:54.548+0000] {dagbag.py:587} INFO - Filling up the DagBag from /opt/airflow/dags/AmazonAirflow.py
[2024-11-11T12:48:54.806+0000] {processor.py:925} INFO - DAG(s) 'daily_amazon_scraper' retrieved from /opt/airflow/dags/AmazonAirflow.py
[2024-11-11T12:48:54.826+0000] {logging_mixin.py:190} INFO - [2024-11-11T12:48:54.826+0000] {dag.py:3211} INFO - Sync 1 DAGs
[2024-11-11T12:48:54.845+0000] {logging_mixin.py:190} INFO - [2024-11-11T12:48:54.845+0000] {dag.py:4138} INFO - Setting next_dagrun for daily_amazon_scraper to 2024-11-09 20:00:00+00:00, run_after=2024-11-10 20:00:00+00:00
[2024-11-11T12:48:54.990+0000] {processor.py:208} INFO - Processing /opt/airflow/dags/AmazonAirflow.py took 0.448 seconds
[2024-11-11T12:49:25.189+0000] {processor.py:186} INFO - Started process (PID=98) to work on /opt/airflow/dags/AmazonAirflow.py
[2024-11-11T12:49:25.190+0000] {processor.py:914} INFO - Processing file /opt/airflow/dags/AmazonAirflow.py for tasks to queue
[2024-11-11T12:49:25.192+0000] {logging_mixin.py:190} INFO - [2024-11-11T12:49:25.191+0000] {dagbag.py:587} INFO - Filling up the DagBag from /opt/airflow/dags/AmazonAirflow.py
[2024-11-11T12:49:25.441+0000] {processor.py:925} INFO - DAG(s) 'daily_amazon_scraper' retrieved from /opt/airflow/dags/AmazonAirflow.py
[2024-11-11T12:49:25.464+0000] {logging_mixin.py:190} INFO - [2024-11-11T12:49:25.464+0000] {dag.py:3211} INFO - Sync 1 DAGs
[2024-11-11T12:49:25.608+0000] {logging_mixin.py:190} INFO - [2024-11-11T12:49:25.608+0000] {dag.py:4138} INFO - Setting next_dagrun for daily_amazon_scraper to 2024-11-09 20:00:00+00:00, run_after=2024-11-10 20:00:00+00:00
[2024-11-11T12:49:25.645+0000] {processor.py:208} INFO - Processing /opt/airflow/dags/AmazonAirflow.py took 0.460 seconds
[2024-11-11T12:49:55.833+0000] {processor.py:186} INFO - Started process (PID=100) to work on /opt/airflow/dags/AmazonAirflow.py
[2024-11-11T12:49:55.833+0000] {processor.py:914} INFO - Processing file /opt/airflow/dags/AmazonAirflow.py for tasks to queue
[2024-11-11T12:49:55.835+0000] {logging_mixin.py:190} INFO - [2024-11-11T12:49:55.835+0000] {dagbag.py:587} INFO - Filling up the DagBag from /opt/airflow/dags/AmazonAirflow.py
[2024-11-11T12:49:56.096+0000] {processor.py:925} INFO - DAG(s) 'daily_amazon_scraper' retrieved from /opt/airflow/dags/AmazonAirflow.py
[2024-11-11T12:49:56.117+0000] {logging_mixin.py:190} INFO - [2024-11-11T12:49:56.117+0000] {dag.py:3211} INFO - Sync 1 DAGs
[2024-11-11T12:49:56.240+0000] {logging_mixin.py:190} INFO - [2024-11-11T12:49:56.240+0000] {dag.py:4138} INFO - Setting next_dagrun for daily_amazon_scraper to 2024-11-09 20:00:00+00:00, run_after=2024-11-10 20:00:00+00:00
[2024-11-11T12:49:56.284+0000] {processor.py:208} INFO - Processing /opt/airflow/dags/AmazonAirflow.py took 0.456 seconds
[2024-11-11T12:50:26.462+0000] {processor.py:186} INFO - Started process (PID=102) to work on /opt/airflow/dags/AmazonAirflow.py
[2024-11-11T12:50:26.462+0000] {processor.py:914} INFO - Processing file /opt/airflow/dags/AmazonAirflow.py for tasks to queue
[2024-11-11T12:50:26.464+0000] {logging_mixin.py:190} INFO - [2024-11-11T12:50:26.464+0000] {dagbag.py:587} INFO - Filling up the DagBag from /opt/airflow/dags/AmazonAirflow.py
[2024-11-11T12:50:26.741+0000] {processor.py:925} INFO - DAG(s) 'daily_amazon_scraper' retrieved from /opt/airflow/dags/AmazonAirflow.py
[2024-11-11T12:50:26.761+0000] {logging_mixin.py:190} INFO - [2024-11-11T12:50:26.761+0000] {dag.py:3211} INFO - Sync 1 DAGs
[2024-11-11T12:50:26.779+0000] {logging_mixin.py:190} INFO - [2024-11-11T12:50:26.779+0000] {dag.py:4138} INFO - Setting next_dagrun for daily_amazon_scraper to 2024-11-09 20:00:00+00:00, run_after=2024-11-10 20:00:00+00:00
[2024-11-11T12:50:26.818+0000] {processor.py:208} INFO - Processing /opt/airflow/dags/AmazonAirflow.py took 0.361 seconds
[2024-11-11T12:50:57.010+0000] {processor.py:186} INFO - Started process (PID=104) to work on /opt/airflow/dags/AmazonAirflow.py
[2024-11-11T12:50:57.011+0000] {processor.py:914} INFO - Processing file /opt/airflow/dags/AmazonAirflow.py for tasks to queue
[2024-11-11T12:50:57.013+0000] {logging_mixin.py:190} INFO - [2024-11-11T12:50:57.012+0000] {dagbag.py:587} INFO - Filling up the DagBag from /opt/airflow/dags/AmazonAirflow.py
[2024-11-11T12:50:57.266+0000] {processor.py:925} INFO - DAG(s) 'daily_amazon_scraper' retrieved from /opt/airflow/dags/AmazonAirflow.py
[2024-11-11T12:50:57.287+0000] {logging_mixin.py:190} INFO - [2024-11-11T12:50:57.287+0000] {dag.py:3211} INFO - Sync 1 DAGs
[2024-11-11T12:50:57.305+0000] {logging_mixin.py:190} INFO - [2024-11-11T12:50:57.305+0000] {dag.py:4138} INFO - Setting next_dagrun for daily_amazon_scraper to 2024-11-09 20:00:00+00:00, run_after=2024-11-10 20:00:00+00:00
[2024-11-11T12:50:57.340+0000] {processor.py:208} INFO - Processing /opt/airflow/dags/AmazonAirflow.py took 0.334 seconds
[2024-11-11T12:51:27.563+0000] {processor.py:186} INFO - Started process (PID=106) to work on /opt/airflow/dags/AmazonAirflow.py
[2024-11-11T12:51:27.564+0000] {processor.py:914} INFO - Processing file /opt/airflow/dags/AmazonAirflow.py for tasks to queue
[2024-11-11T12:51:27.565+0000] {logging_mixin.py:190} INFO - [2024-11-11T12:51:27.565+0000] {dagbag.py:587} INFO - Filling up the DagBag from /opt/airflow/dags/AmazonAirflow.py
[2024-11-11T12:51:27.817+0000] {processor.py:925} INFO - DAG(s) 'daily_amazon_scraper' retrieved from /opt/airflow/dags/AmazonAirflow.py
[2024-11-11T12:51:27.837+0000] {logging_mixin.py:190} INFO - [2024-11-11T12:51:27.837+0000] {dag.py:3211} INFO - Sync 1 DAGs
[2024-11-11T12:51:27.854+0000] {logging_mixin.py:190} INFO - [2024-11-11T12:51:27.854+0000] {dag.py:4138} INFO - Setting next_dagrun for daily_amazon_scraper to 2024-11-09 20:00:00+00:00, run_after=2024-11-10 20:00:00+00:00
[2024-11-11T12:51:27.888+0000] {processor.py:208} INFO - Processing /opt/airflow/dags/AmazonAirflow.py took 0.329 seconds
[2024-11-11T12:51:58.113+0000] {processor.py:186} INFO - Started process (PID=108) to work on /opt/airflow/dags/AmazonAirflow.py
[2024-11-11T12:51:58.114+0000] {processor.py:914} INFO - Processing file /opt/airflow/dags/AmazonAirflow.py for tasks to queue
[2024-11-11T12:51:58.116+0000] {logging_mixin.py:190} INFO - [2024-11-11T12:51:58.116+0000] {dagbag.py:587} INFO - Filling up the DagBag from /opt/airflow/dags/AmazonAirflow.py
[2024-11-11T12:51:58.386+0000] {processor.py:925} INFO - DAG(s) 'daily_amazon_scraper' retrieved from /opt/airflow/dags/AmazonAirflow.py
[2024-11-11T12:51:58.409+0000] {logging_mixin.py:190} INFO - [2024-11-11T12:51:58.408+0000] {dag.py:3211} INFO - Sync 1 DAGs
[2024-11-11T12:51:58.429+0000] {logging_mixin.py:190} INFO - [2024-11-11T12:51:58.429+0000] {dag.py:4138} INFO - Setting next_dagrun for daily_amazon_scraper to 2024-11-09 20:00:00+00:00, run_after=2024-11-10 20:00:00+00:00
[2024-11-11T12:51:58.590+0000] {processor.py:208} INFO - Processing /opt/airflow/dags/AmazonAirflow.py took 0.481 seconds
[2024-11-11T12:52:28.756+0000] {processor.py:186} INFO - Started process (PID=110) to work on /opt/airflow/dags/AmazonAirflow.py
[2024-11-11T12:52:28.757+0000] {processor.py:914} INFO - Processing file /opt/airflow/dags/AmazonAirflow.py for tasks to queue
[2024-11-11T12:52:28.759+0000] {logging_mixin.py:190} INFO - [2024-11-11T12:52:28.758+0000] {dagbag.py:587} INFO - Filling up the DagBag from /opt/airflow/dags/AmazonAirflow.py
[2024-11-11T12:52:29.016+0000] {processor.py:925} INFO - DAG(s) 'daily_amazon_scraper' retrieved from /opt/airflow/dags/AmazonAirflow.py
[2024-11-11T12:52:29.041+0000] {logging_mixin.py:190} INFO - [2024-11-11T12:52:29.041+0000] {dag.py:3211} INFO - Sync 1 DAGs
[2024-11-11T12:52:29.181+0000] {logging_mixin.py:190} INFO - [2024-11-11T12:52:29.181+0000] {dag.py:4138} INFO - Setting next_dagrun for daily_amazon_scraper to 2024-11-09 20:00:00+00:00, run_after=2024-11-10 20:00:00+00:00
[2024-11-11T12:52:29.214+0000] {processor.py:208} INFO - Processing /opt/airflow/dags/AmazonAirflow.py took 0.462 seconds
[2024-11-11T12:52:59.409+0000] {processor.py:186} INFO - Started process (PID=112) to work on /opt/airflow/dags/AmazonAirflow.py
[2024-11-11T12:52:59.410+0000] {processor.py:914} INFO - Processing file /opt/airflow/dags/AmazonAirflow.py for tasks to queue
[2024-11-11T12:52:59.411+0000] {logging_mixin.py:190} INFO - [2024-11-11T12:52:59.411+0000] {dagbag.py:587} INFO - Filling up the DagBag from /opt/airflow/dags/AmazonAirflow.py
[2024-11-11T12:52:59.666+0000] {processor.py:925} INFO - DAG(s) 'daily_amazon_scraper' retrieved from /opt/airflow/dags/AmazonAirflow.py
[2024-11-11T12:52:59.688+0000] {logging_mixin.py:190} INFO - [2024-11-11T12:52:59.688+0000] {dag.py:3211} INFO - Sync 1 DAGs
[2024-11-11T12:52:59.809+0000] {logging_mixin.py:190} INFO - [2024-11-11T12:52:59.809+0000] {dag.py:4138} INFO - Setting next_dagrun for daily_amazon_scraper to 2024-11-09 20:00:00+00:00, run_after=2024-11-10 20:00:00+00:00
[2024-11-11T12:52:59.842+0000] {processor.py:208} INFO - Processing /opt/airflow/dags/AmazonAirflow.py took 0.438 seconds
[2024-11-11T12:53:30.059+0000] {processor.py:186} INFO - Started process (PID=114) to work on /opt/airflow/dags/AmazonAirflow.py
[2024-11-11T12:53:30.059+0000] {processor.py:914} INFO - Processing file /opt/airflow/dags/AmazonAirflow.py for tasks to queue
[2024-11-11T12:53:30.061+0000] {logging_mixin.py:190} INFO - [2024-11-11T12:53:30.061+0000] {dagbag.py:587} INFO - Filling up the DagBag from /opt/airflow/dags/AmazonAirflow.py
[2024-11-11T12:53:30.341+0000] {processor.py:925} INFO - DAG(s) 'daily_amazon_scraper' retrieved from /opt/airflow/dags/AmazonAirflow.py
[2024-11-11T12:53:30.363+0000] {logging_mixin.py:190} INFO - [2024-11-11T12:53:30.363+0000] {dag.py:3211} INFO - Sync 1 DAGs
[2024-11-11T12:53:30.381+0000] {logging_mixin.py:190} INFO - [2024-11-11T12:53:30.381+0000] {dag.py:4138} INFO - Setting next_dagrun for daily_amazon_scraper to 2024-11-09 20:00:00+00:00, run_after=2024-11-10 20:00:00+00:00
[2024-11-11T12:53:30.414+0000] {processor.py:208} INFO - Processing /opt/airflow/dags/AmazonAirflow.py took 0.360 seconds
[2024-11-11T12:54:00.609+0000] {processor.py:186} INFO - Started process (PID=116) to work on /opt/airflow/dags/AmazonAirflow.py
[2024-11-11T12:54:00.610+0000] {processor.py:914} INFO - Processing file /opt/airflow/dags/AmazonAirflow.py for tasks to queue
[2024-11-11T12:54:00.612+0000] {logging_mixin.py:190} INFO - [2024-11-11T12:54:00.611+0000] {dagbag.py:587} INFO - Filling up the DagBag from /opt/airflow/dags/AmazonAirflow.py
[2024-11-11T12:54:00.865+0000] {processor.py:925} INFO - DAG(s) 'daily_amazon_scraper' retrieved from /opt/airflow/dags/AmazonAirflow.py
[2024-11-11T12:54:00.889+0000] {logging_mixin.py:190} INFO - [2024-11-11T12:54:00.888+0000] {dag.py:3211} INFO - Sync 1 DAGs
[2024-11-11T12:54:00.906+0000] {logging_mixin.py:190} INFO - [2024-11-11T12:54:00.906+0000] {dag.py:4138} INFO - Setting next_dagrun for daily_amazon_scraper to 2024-11-09 20:00:00+00:00, run_after=2024-11-10 20:00:00+00:00
[2024-11-11T12:54:00.941+0000] {processor.py:208} INFO - Processing /opt/airflow/dags/AmazonAirflow.py took 0.336 seconds
[2024-11-11T12:54:31.158+0000] {processor.py:186} INFO - Started process (PID=118) to work on /opt/airflow/dags/AmazonAirflow.py
[2024-11-11T12:54:31.159+0000] {processor.py:914} INFO - Processing file /opt/airflow/dags/AmazonAirflow.py for tasks to queue
[2024-11-11T12:54:31.161+0000] {logging_mixin.py:190} INFO - [2024-11-11T12:54:31.160+0000] {dagbag.py:587} INFO - Filling up the DagBag from /opt/airflow/dags/AmazonAirflow.py
[2024-11-11T12:54:31.414+0000] {processor.py:925} INFO - DAG(s) 'daily_amazon_scraper' retrieved from /opt/airflow/dags/AmazonAirflow.py
[2024-11-11T12:54:31.434+0000] {logging_mixin.py:190} INFO - [2024-11-11T12:54:31.433+0000] {dag.py:3211} INFO - Sync 1 DAGs
[2024-11-11T12:54:31.452+0000] {logging_mixin.py:190} INFO - [2024-11-11T12:54:31.452+0000] {dag.py:4138} INFO - Setting next_dagrun for daily_amazon_scraper to 2024-11-09 20:00:00+00:00, run_after=2024-11-10 20:00:00+00:00
[2024-11-11T12:54:31.494+0000] {processor.py:208} INFO - Processing /opt/airflow/dags/AmazonAirflow.py took 0.340 seconds
[2024-11-11T12:55:01.712+0000] {processor.py:186} INFO - Started process (PID=120) to work on /opt/airflow/dags/AmazonAirflow.py
[2024-11-11T12:55:01.713+0000] {processor.py:914} INFO - Processing file /opt/airflow/dags/AmazonAirflow.py for tasks to queue
[2024-11-11T12:55:01.715+0000] {logging_mixin.py:190} INFO - [2024-11-11T12:55:01.714+0000] {dagbag.py:587} INFO - Filling up the DagBag from /opt/airflow/dags/AmazonAirflow.py
[2024-11-11T12:55:02.007+0000] {processor.py:925} INFO - DAG(s) 'daily_amazon_scraper' retrieved from /opt/airflow/dags/AmazonAirflow.py
[2024-11-11T12:55:02.030+0000] {logging_mixin.py:190} INFO - [2024-11-11T12:55:02.029+0000] {dag.py:3211} INFO - Sync 1 DAGs
[2024-11-11T12:55:02.049+0000] {logging_mixin.py:190} INFO - [2024-11-11T12:55:02.049+0000] {dag.py:4138} INFO - Setting next_dagrun for daily_amazon_scraper to 2024-11-09 20:00:00+00:00, run_after=2024-11-10 20:00:00+00:00
[2024-11-11T12:55:02.213+0000] {processor.py:208} INFO - Processing /opt/airflow/dags/AmazonAirflow.py took 0.506 seconds
[2024-11-11T12:55:32.392+0000] {processor.py:186} INFO - Started process (PID=122) to work on /opt/airflow/dags/AmazonAirflow.py
[2024-11-11T12:55:32.393+0000] {processor.py:914} INFO - Processing file /opt/airflow/dags/AmazonAirflow.py for tasks to queue
[2024-11-11T12:55:32.395+0000] {logging_mixin.py:190} INFO - [2024-11-11T12:55:32.395+0000] {dagbag.py:587} INFO - Filling up the DagBag from /opt/airflow/dags/AmazonAirflow.py
[2024-11-11T12:55:32.671+0000] {processor.py:925} INFO - DAG(s) 'daily_amazon_scraper' retrieved from /opt/airflow/dags/AmazonAirflow.py
[2024-11-11T12:55:32.694+0000] {logging_mixin.py:190} INFO - [2024-11-11T12:55:32.693+0000] {dag.py:3211} INFO - Sync 1 DAGs
[2024-11-11T12:55:32.870+0000] {logging_mixin.py:190} INFO - [2024-11-11T12:55:32.870+0000] {dag.py:4138} INFO - Setting next_dagrun for daily_amazon_scraper to 2024-11-09 20:00:00+00:00, run_after=2024-11-10 20:00:00+00:00
[2024-11-11T12:55:32.911+0000] {processor.py:208} INFO - Processing /opt/airflow/dags/AmazonAirflow.py took 0.523 seconds
[2024-11-11T12:56:19.916+0000] {processor.py:186} INFO - Started process (PID=146) to work on /opt/airflow/dags/AmazonAirflow.py
[2024-11-11T12:56:19.917+0000] {processor.py:914} INFO - Processing file /opt/airflow/dags/AmazonAirflow.py for tasks to queue
[2024-11-11T12:56:19.920+0000] {logging_mixin.py:190} INFO - [2024-11-11T12:56:19.919+0000] {dagbag.py:587} INFO - Filling up the DagBag from /opt/airflow/dags/AmazonAirflow.py
[2024-11-11T12:56:20.200+0000] {processor.py:925} INFO - DAG(s) 'daily_amazon_scraper' retrieved from /opt/airflow/dags/AmazonAirflow.py
[2024-11-11T12:56:20.222+0000] {logging_mixin.py:190} INFO - [2024-11-11T12:56:20.221+0000] {dag.py:3211} INFO - Sync 1 DAGs
[2024-11-11T12:56:20.376+0000] {logging_mixin.py:190} INFO - [2024-11-11T12:56:20.376+0000] {dag.py:4138} INFO - Setting next_dagrun for daily_amazon_scraper to 2024-11-10 20:00:00+00:00, run_after=2024-11-11 20:00:00+00:00
[2024-11-11T12:56:20.420+0000] {processor.py:208} INFO - Processing /opt/airflow/dags/AmazonAirflow.py took 0.508 seconds
[2024-11-11T12:56:50.561+0000] {processor.py:186} INFO - Started process (PID=148) to work on /opt/airflow/dags/AmazonAirflow.py
[2024-11-11T12:56:50.562+0000] {processor.py:914} INFO - Processing file /opt/airflow/dags/AmazonAirflow.py for tasks to queue
[2024-11-11T12:56:50.565+0000] {logging_mixin.py:190} INFO - [2024-11-11T12:56:50.565+0000] {dagbag.py:587} INFO - Filling up the DagBag from /opt/airflow/dags/AmazonAirflow.py
[2024-11-11T12:56:51.071+0000] {processor.py:925} INFO - DAG(s) 'daily_amazon_scraper' retrieved from /opt/airflow/dags/AmazonAirflow.py
[2024-11-11T12:56:51.105+0000] {logging_mixin.py:190} INFO - [2024-11-11T12:56:51.105+0000] {dag.py:3211} INFO - Sync 1 DAGs
[2024-11-11T12:56:51.296+0000] {logging_mixin.py:190} INFO - [2024-11-11T12:56:51.296+0000] {dag.py:4138} INFO - Setting next_dagrun for daily_amazon_scraper to 2024-11-10 20:00:00+00:00, run_after=2024-11-11 20:00:00+00:00
[2024-11-11T12:56:51.360+0000] {processor.py:208} INFO - Processing /opt/airflow/dags/AmazonAirflow.py took 0.807 seconds
[2024-11-11T12:57:22.490+0000] {processor.py:186} INFO - Started process (PID=150) to work on /opt/airflow/dags/AmazonAirflow.py
[2024-11-11T12:57:22.491+0000] {processor.py:914} INFO - Processing file /opt/airflow/dags/AmazonAirflow.py for tasks to queue
[2024-11-11T12:57:22.493+0000] {logging_mixin.py:190} INFO - [2024-11-11T12:57:22.493+0000] {dagbag.py:587} INFO - Filling up the DagBag from /opt/airflow/dags/AmazonAirflow.py
[2024-11-11T12:57:22.803+0000] {processor.py:925} INFO - DAG(s) 'daily_amazon_scraper' retrieved from /opt/airflow/dags/AmazonAirflow.py
[2024-11-11T12:57:22.832+0000] {logging_mixin.py:190} INFO - [2024-11-11T12:57:22.831+0000] {dag.py:3211} INFO - Sync 1 DAGs
[2024-11-11T12:57:22.855+0000] {logging_mixin.py:190} INFO - [2024-11-11T12:57:22.855+0000] {dag.py:4138} INFO - Setting next_dagrun for daily_amazon_scraper to 2024-11-10 20:00:00+00:00, run_after=2024-11-11 20:00:00+00:00
[2024-11-11T12:57:22.902+0000] {processor.py:208} INFO - Processing /opt/airflow/dags/AmazonAirflow.py took 0.418 seconds
[2024-11-11T12:57:53.792+0000] {processor.py:186} INFO - Started process (PID=152) to work on /opt/airflow/dags/AmazonAirflow.py
[2024-11-11T12:57:53.794+0000] {processor.py:914} INFO - Processing file /opt/airflow/dags/AmazonAirflow.py for tasks to queue
[2024-11-11T12:57:53.798+0000] {logging_mixin.py:190} INFO - [2024-11-11T12:57:53.797+0000] {dagbag.py:587} INFO - Filling up the DagBag from /opt/airflow/dags/AmazonAirflow.py
[2024-11-11T12:57:54.296+0000] {processor.py:925} INFO - DAG(s) 'daily_amazon_scraper' retrieved from /opt/airflow/dags/AmazonAirflow.py
[2024-11-11T12:57:54.332+0000] {logging_mixin.py:190} INFO - [2024-11-11T12:57:54.331+0000] {dag.py:3211} INFO - Sync 1 DAGs
[2024-11-11T12:57:54.369+0000] {logging_mixin.py:190} INFO - [2024-11-11T12:57:54.369+0000] {dag.py:4138} INFO - Setting next_dagrun for daily_amazon_scraper to 2024-11-10 20:00:00+00:00, run_after=2024-11-11 20:00:00+00:00
[2024-11-11T12:57:54.445+0000] {processor.py:208} INFO - Processing /opt/airflow/dags/AmazonAirflow.py took 0.661 seconds
[2024-11-11T12:58:25.622+0000] {processor.py:186} INFO - Started process (PID=154) to work on /opt/airflow/dags/AmazonAirflow.py
[2024-11-11T12:58:25.625+0000] {processor.py:914} INFO - Processing file /opt/airflow/dags/AmazonAirflow.py for tasks to queue
[2024-11-11T12:58:25.636+0000] {logging_mixin.py:190} INFO - [2024-11-11T12:58:25.635+0000] {dagbag.py:587} INFO - Filling up the DagBag from /opt/airflow/dags/AmazonAirflow.py
[2024-11-11T12:58:28.205+0000] {processor.py:925} INFO - DAG(s) 'daily_amazon_scraper' retrieved from /opt/airflow/dags/AmazonAirflow.py
[2024-11-11T12:58:28.293+0000] {logging_mixin.py:190} INFO - [2024-11-11T12:58:28.292+0000] {dag.py:3211} INFO - Sync 1 DAGs
[2024-11-11T12:58:28.421+0000] {logging_mixin.py:190} INFO - [2024-11-11T12:58:28.420+0000] {dag.py:4138} INFO - Setting next_dagrun for daily_amazon_scraper to 2024-11-10 20:00:00+00:00, run_after=2024-11-11 20:00:00+00:00
[2024-11-11T12:58:28.727+0000] {processor.py:208} INFO - Processing /opt/airflow/dags/AmazonAirflow.py took 3.127 seconds
